Performing Curl Test HAVE_FSETXATTR_5 passed with the following output:
Change Dir: /home/runner/work/Adaptive-AUTOSAR/Adaptive-AUTOSAR/build/CMakeFiles/CMakeTmp

Run Build Command(s):/usr/local/bin/cmake -E env VERBOSE=1 /usr/bin/gmake -f Makefile cmTC_f657b/fast && /usr/bin/gmake  -f CMakeFiles/cmTC_f657b.dir/build.make CMakeFiles/cmTC_f657b.dir/build
gmake[1]: Entering directory '/home/runner/work/Adaptive-AUTOSAR/Adaptive-AUTOSAR/build/CMakeFiles/CMakeTmp'
Building C object CMakeFiles/cmTC_f657b.dir/CurlTests.c.o
/usr/bin/cc -DcmTC_f657b_EXPORTS  -pedantic -Wall -W -Wpointer-arith -Wwrite-strings -Wunused -Wshadow -Winline -Wnested-externs -Wmissing-declarations -Wmissing-prototypes -Wfloat-equal -Wsign-compare -Wundef -Wendif-labels -Wstrict-prototypes -Wdeclaration-after-statement -Wstrict-aliasing=3 -Wcast-align -Wtype-limits -Wold-style-declaration -Wmissing-parameter-type -Wempty-body -Wclobbered -Wignored-qualifiers -Wconversion -Wvla -Wdouble-promotion -Wenum-conversion -Warith-conversion -Wno-long-long -Wno-multichar -Wno-format-nonliteral -Wno-sign-conversion -Wno-system-headers -DHAVE_FSETXATTR_5  -DHAVE_INTTYPES_H -DHAVE_SYS_IOCTL_H -DHAVE_SYS_PARAM_H -DHAVE_SYS_POLL_H -DHAVE_SYS_RESOURCE_H -DHAVE_SYS_SELECT_H -DHAVE_SYS_SOCKET_H -DHAVE_SYS_STAT_H -DHAVE_SYS_TIME_H -DHAVE_SYS_TYPES_H -DHAVE_SYS_UN_H -DHAVE_SYS_XATTR_H -DHAVE_ARPA_INET_H -DHAVE_ARPA_TFTP_H -DHAVE_FCNTL_H -DHAVE_IFADDRS_H -DHAVE_LIBGEN_H -DHAVE_LOCALE_H -DHAVE_NET_IF_H -DHAVE_NETDB_H -DHAVE_NETINET_IN_H -DHAVE_NETINET_TCP_H -DHAVE_POLL_H -DHAVE_PWD_H -DHAVE_SETJMP_H -DHAVE_SIGNAL_H -DHAVE_STDATOMIC_H -DHAVE_STDBOOL_H -DHAVE_STDINT_H -DHAVE_STDLIB_H -DHAVE_STRING_H -DHAVE_STRINGS_H -DHAVE_TERMIO_H -DHAVE_TERMIOS_H -DHAVE_TIME_H -DHAVE_UNISTD_H -DHAVE_UTIME_H -DHAVE_STDDEF_H -DHAVE_STDINT_H -DHAVE_SYS_UTSNAME_H -o CMakeFiles/cmTC_f657b.dir/CurlTests.c.o -c /home/runner/work/Adaptive-AUTOSAR/Adaptive-AUTOSAR/build/_deps/libcurl-src/CMake/CurlTests.c
/home/runner/work/Adaptive-AUTOSAR/Adaptive-AUTOSAR/build/_deps/libcurl-src/CMake/CurlTests.c:430:1: warning: function declaration isn’t a prototype [-Wstrict-prototypes]
  430 | main() {
      | ^~~~
Linking C executable cmTC_f657b
/usr/local/bin/cmake -E cmake_link_script CMakeFiles/cmTC_f657b.dir/link.txt --verbose=1
/usr/bin/cc  -pedantic -Wall -W -Wpointer-arith -Wwrite-strings -Wunused -Wshadow -Winline -Wnested-externs -Wmissing-declarations -Wmissing-prototypes -Wfloat-equal -Wsign-compare -Wundef -Wendif-labels -Wstrict-prototypes -Wdeclaration-after-statement -Wstrict-aliasing=3 -Wcast-align -Wtype-limits -Wold-style-declaration -Wmissing-parameter-type -Wempty-body -Wclobbered -Wignored-qualifiers -Wconversion -Wvla -Wdouble-promotion -Wenum-conversion -Warith-conversion -Wno-long-long -Wno-multichar -Wno-format-nonliteral -Wno-sign-conversion -Wno-system-headers -DHAVE_FSETXATTR_5  -DHAVE_INTTYPES_H -DHAVE_SYS_IOCTL_H -DHAVE_SYS_PARAM_H -DHAVE_SYS_POLL_H -DHAVE_SYS_RESOURCE_H -DHAVE_SYS_SELECT_H -DHAVE_SYS_SOCKET_H -DHAVE_SYS_STAT_H -DHAVE_SYS_TIME_H -DHAVE_SYS_TYPES_H -DHAVE_SYS_UN_H -DHAVE_SYS_XATTR_H -DHAVE_ARPA_INET_H -DHAVE_ARPA_TFTP_H -DHAVE_FCNTL_H -DHAVE_IFADDRS_H -DHAVE_LIBGEN_H -DHAVE_LOCALE_H -DHAVE_NET_IF_H -DHAVE_NETDB_H -DHAVE_NETINET_IN_H -DHAVE_NETINET_TCP_H -DHAVE_POLL_H -DHAVE_PWD_H -DHAVE_SETJMP_H -DHAVE_SIGNAL_H -DHAVE_STDATOMIC_H -DHAVE_STDBOOL_H -DHAVE_STDINT_H -DHAVE_STDLIB_H -DHAVE_STRING_H -DHAVE_STRINGS_H -DHAVE_TERMIO_H -DHAVE_TERMIOS_H -DHAVE_TIME_H -DHAVE_UNISTD_H -DHAVE_UTIME_H -DHAVE_STDDEF_H -DHAVE_STDINT_H -DHAVE_SYS_UTSNAME_H -Wl,--export-dynamic -rdynamic CMakeFiles/cmTC_f657b.dir/CurlTests.c.o -o cmTC_f657b  /usr/lib/x86_64-linux-gnu/libssl.so /usr/lib/x86_64-linux-gnu/libcrypto.so 
gmake[1]: Leaving directory '/home/runner/work/Adaptive-AUTOSAR/Adaptive-AUTOSAR/build/CMakeFiles/CMakeTmp'


Performing Curl Test HAVE_FCNTL_O_NONBLOCK passed with the following output:
Change Dir: /home/runner/work/Adaptive-AUTOSAR/Adaptive-AUTOSAR/build/CMakeFiles/CMakeTmp

Run Build Command(s):/usr/local/bin/cmake -E env VERBOSE=1 /usr/bin/gmake -f Makefile cmTC_79719/fast && /usr/bin/gmake  -f CMakeFiles/cmTC_79719.dir/build.make CMakeFiles/cmTC_79719.dir/build
gmake[1]: Entering directory '/home/runner/work/Adaptive-AUTOSAR/Adaptive-AUTOSAR/build/CMakeFiles/CMakeTmp'
Building C object CMakeFiles/cmTC_79719.dir/CurlTests.c.o
/usr/bin/cc -DcmTC_79719_EXPORTS  -pedantic -Wall -W -Wpointer-arith -Wwrite-strings -Wunused -Wshadow -Winline -Wnested-externs -Wmissing-declarations -Wmissing-prototypes -Wfloat-equal -Wsign-compare -Wundef -Wendif-labels -Wstrict-prototypes -Wdeclaration-after-statement -Wstrict-aliasing=3 -Wcast-align -Wtype-limits -Wold-style-declaration -Wmissing-parameter-type -Wempty-body -Wclobbered -Wignored-qualifiers -Wconversion -Wvla -Wdouble-promotion -Wenum-conversion -Warith-conversion -Wno-long-long -Wno-multichar -Wno-format-nonliteral -Wno-sign-conversion -Wno-system-headers -DHAVE_FCNTL_O_NONBLOCK  -DHAVE_INTTYPES_H -DHAVE_SYS_IOCTL_H -DHAVE_SYS_PARAM_H -DHAVE_SYS_POLL_H -DHAVE_SYS_RESOURCE_H -DHAVE_SYS_SELECT_H -DHAVE_SYS_SOCKET_H -DHAVE_SYS_STAT_H -DHAVE_SYS_TIME_H -DHAVE_SYS_TYPES_H -DHAVE_SYS_UN_H -DHAVE_SYS_XATTR_H -DHAVE_ARPA_INET_H -DHAVE_ARPA_TFTP_H -DHAVE_FCNTL_H -DHAVE_IFADDRS_H -DHAVE_LIBGEN_H -DHAVE_LOCALE_H -DHAVE_NET_IF_H -DHAVE_NETDB_H -DHAVE_NETINET_IN_H -DHAVE_NETINET_TCP_H -DHAVE_POLL_H -DHAVE_PWD_H -DHAVE_SETJMP_H -DHAVE_SIGNAL_H -DHAVE_STDATOMIC_H -DHAVE_STDBOOL_H -DHAVE_STDINT_H -DHAVE_STDLIB_H -DHAVE_STRING_H -DHAVE_STRINGS_H -DHAVE_TERMIO_H -DHAVE_TERMIOS_H -DHAVE_TIME_H -DHAVE_UNISTD_H -DHAVE_UTIME_H -DHAVE_STDDEF_H -DHAVE_STDINT_H -DHAVE_SYS_UTSNAME_H -o CMakeFiles/cmTC_79719.dir/CurlTests.c.o -c /home/runner/work/Adaptive-AUTOSAR/Adaptive-AUTOSAR/build/_deps/libcurl-src/CMake/CurlTests.c
/home/runner/work/Adaptive-AUTOSAR/Adaptive-AUTOSAR/build/_deps/libcurl-src/CMake/CurlTests.c:66:1: warning: function declaration isn’t a prototype [-Wstrict-prototypes]
   66 | main ()
      | ^~~~
Linking C executable cmTC_79719
/usr/local/bin/cmake -E cmake_link_script CMakeFiles/cmTC_79719.dir/link.txt --verbose=1
/usr/bin/cc  -pedantic -Wall -W -Wpointer-arith -Wwrite-strings -Wunused -Wshadow -Winline -Wnested-externs -Wmissing-declarations -Wmissing-prototypes -Wfloat-equal -Wsign-compare -Wundef -Wendif-labels -Wstrict-prototypes -Wdeclaration-after-statement -Wstrict-aliasing=3 -Wcast-align -Wtype-limits -Wold-style-declaration -Wmissing-parameter-type -Wempty-body -Wclobbered -Wignored-qualifiers -Wconversion -Wvla -Wdouble-promotion -Wenum-conversion -Warith-conversion -Wno-long-long -Wno-multichar -Wno-format-nonliteral -Wno-sign-conversion -Wno-system-headers -DHAVE_FCNTL_O_NONBLOCK  -DHAVE_INTTYPES_H -DHAVE_SYS_IOCTL_H -DHAVE_SYS_PARAM_H -DHAVE_SYS_POLL_H -DHAVE_SYS_RESOURCE_H -DHAVE_SYS_SELECT_H -DHAVE_SYS_SOCKET_H -DHAVE_SYS_STAT_H -DHAVE_SYS_TIME_H -DHAVE_SYS_TYPES_H -DHAVE_SYS_UN_H -DHAVE_SYS_XATTR_H -DHAVE_ARPA_INET_H -DHAVE_ARPA_TFTP_H -DHAVE_FCNTL_H -DHAVE_IFADDRS_H -DHAVE_LIBGEN_H -DHAVE_LOCALE_H -DHAVE_NET_IF_H -DHAVE_NETDB_H -DHAVE_NETINET_IN_H -DHAVE_NETINET_TCP_H -DHAVE_POLL_H -DHAVE_PWD_H -DHAVE_SETJMP_H -DHAVE_SIGNAL_H -DHAVE_STDATOMIC_H -DHAVE_STDBOOL_H -DHAVE_STDINT_H -DHAVE_STDLIB_H -DHAVE_STRING_H -DHAVE_STRINGS_H -DHAVE_TERMIO_H -DHAVE_TERMIOS_H -DHAVE_TIME_H -DHAVE_UNISTD_H -DHAVE_UTIME_H -DHAVE_STDDEF_H -DHAVE_STDINT_H -DHAVE_SYS_UTSNAME_H -Wl,--export-dynamic -rdynamic CMakeFiles/cmTC_79719.dir/CurlTests.c.o -o cmTC_79719  /usr/lib/x86_64-linux-gnu/libssl.so /usr/lib/x86_64-linux-gnu/libcrypto.so 
gmake[1]: Leaving directory '/home/runner/work/Adaptive-AUTOSAR/Adaptive-AUTOSAR/build/CMakeFiles/CMakeTmp'


Performing Curl Test HAVE_IOCTL_FIONBIO passed with the following output:
Change Dir: /home/runner/work/Adaptive-AUTOSAR/Adaptive-AUTOSAR/build/CMakeFiles/CMakeTmp

Run Build Command(s):/usr/local/bin/cmake -E env VERBOSE=1 /usr/bin/gmake -f Makefile cmTC_2f917/fast && /usr/bin/gmake  -f CMakeFiles/cmTC_2f917.dir/build.make CMakeFiles/cmTC_2f917.dir/build
gmake[1]: Entering directory '/home/runner/work/Adaptive-AUTOSAR/Adaptive-AUTOSAR/build/CMakeFiles/CMakeTmp'
Building C object CMakeFiles/cmTC_2f917.dir/CurlTests.c.o
/usr/bin/cc -DcmTC_2f917_EXPORTS  -pedantic -Wall -W -Wpointer-arith -Wwrite-strings -Wunused -Wshadow -Winline -Wnested-externs -Wmissing-declarations -Wmissing-prototypes -Wfloat-equal -Wsign-compare -Wundef -Wendif-labels -Wstrict-prototypes -Wdeclaration-after-statement -Wstrict-aliasing=3 -Wcast-align -Wtype-limits -Wold-style-declaration -Wmissing-parameter-type -Wempty-body -Wclobbered -Wignored-qualifiers -Wconversion -Wvla -Wdouble-promotion -Wenum-conversion -Warith-conversion -Wno-long-long -Wno-multichar -Wno-format-nonliteral -Wno-sign-conversion -Wno-system-headers -DHAVE_IOCTL_FIONBIO  -DHAVE_INTTYPES_H -DHAVE_SYS_IOCTL_H -DHAVE_SYS_PARAM_H -DHAVE_SYS_POLL_H -DHAVE_SYS_RESOURCE_H -DHAVE_SYS_SELECT_H -DHAVE_SYS_SOCKET_H -DHAVE_SYS_STAT_H -DHAVE_SYS_TIME_H -DHAVE_SYS_TYPES_H -DHAVE_SYS_UN_H -DHAVE_SYS_XATTR_H -DHAVE_ARPA_INET_H -DHAVE_ARPA_TFTP_H -DHAVE_FCNTL_H -DHAVE_IFADDRS_H -DHAVE_LIBGEN_H -DHAVE_LOCALE_H -DHAVE_NET_IF_H -DHAVE_NETDB_H -DHAVE_NETINET_IN_H -DHAVE_NETINET_TCP_H -DHAVE_POLL_H -DHAVE_PWD_H -DHAVE_SETJMP_H -DHAVE_SIGNAL_H -DHAVE_STDATOMIC_H -DHAVE_STDBOOL_H -DHAVE_STDINT_H -DHAVE_STDLIB_H -DHAVE_STRING_H -DHAVE_STRINGS_H -DHAVE_TERMIO_H -DHAVE_TERMIOS_H -DHAVE_TIME_H -DHAVE_UNISTD_H -DHAVE_UTIME_H -DHAVE_STDDEF_H -DHAVE_STDINT_H -DHAVE_SYS_UTSNAME_H -o CMakeFiles/cmTC_2f917.dir/CurlTests.c.o -c /home/runner/work/Adaptive-AUTOSAR/Adaptive-AUTOSAR/build/_deps/libcurl-src/CMake/CurlTests.c
/home/runner/work/Adaptive-AUTOSAR/Adaptive-AUTOSAR/build/_deps/libcurl-src/CMake/CurlTests.c:319:1: warning: function declaration isn’t a prototype [-Wstrict-prototypes]
  319 | main ()
      | ^~~~
Linking C executable cmTC_2f917
/usr/local/bin/cmake -E cmake_link_script CMakeFiles/cmTC_2f917.dir/link.txt --verbose=1
/usr/bin/cc  -pedantic -Wall -W -Wpointer-arith -Wwrite-strings -Wunused -Wshadow -Winline -Wnested-externs -Wmissing-declarations -Wmissing-prototypes -Wfloat-equal -Wsign-compare -Wundef -Wendif-labels -Wstrict-prototypes -Wdeclaration-after-statement -Wstrict-aliasing=3 -Wcast-align -Wtype-limits -Wold-style-declaration -Wmissing-parameter-type -Wempty-body -Wclobbered -Wignored-qualifiers -Wconversion -Wvla -Wdouble-promotion -Wenum-conversion -Warith-conversion -Wno-long-long -Wno-multichar -Wno-format-nonliteral -Wno-sign-conversion -Wno-system-headers -DHAVE_IOCTL_FIONBIO  -DHAVE_INTTYPES_H -DHAVE_SYS_IOCTL_H -DHAVE_SYS_PARAM_H -DHAVE_SYS_POLL_H -DHAVE_SYS_RESOURCE_H -DHAVE_SYS_SELECT_H -DHAVE_SYS_SOCKET_H -DHAVE_SYS_STAT_H -DHAVE_SYS_TIME_H -DHAVE_SYS_TYPES_H -DHAVE_SYS_UN_H -DHAVE_SYS_XATTR_H -DHAVE_ARPA_INET_H -DHAVE_ARPA_TFTP_H -DHAVE_FCNTL_H -DHAVE_IFADDRS_H -DHAVE_LIBGEN_H -DHAVE_LOCALE_H -DHAVE_NET_IF_H -DHAVE_NETDB_H -DHAVE_NETINET_IN_H -DHAVE_NETINET_TCP_H -DHAVE_POLL_H -DHAVE_PWD_H -DHAVE_SETJMP_H -DHAVE_SIGNAL_H -DHAVE_STDATOMIC_H -DHAVE_STDBOOL_H -DHAVE_STDINT_H -DHAVE_STDLIB_H -DHAVE_STRING_H -DHAVE_STRINGS_H -DHAVE_TERMIO_H -DHAVE_TERMIOS_H -DHAVE_TIME_H -DHAVE_UNISTD_H -DHAVE_UTIME_H -DHAVE_STDDEF_H -DHAVE_STDINT_H -DHAVE_SYS_UTSNAME_H -Wl,--export-dynamic -rdynamic CMakeFiles/cmTC_2f917.dir/CurlTests.c.o -o cmTC_2f917  /usr/lib/x86_64-linux-gnu/libssl.so /usr/lib/x86_64-linux-gnu/libcrypto.so 
gmake[1]: Leaving directory '/home/runner/work/Adaptive-AUTOSAR/Adaptive-AUTOSAR/build/CMakeFiles/CMakeTmp'


Performing Curl Test HAVE_IOCTL_SIOCGIFADDR passed with the following output:
Change Dir: /home/runner/work/Adaptive-AUTOSAR/Adaptive-AUTOSAR/build/CMakeFiles/CMakeTmp

Run Build Command(s):/usr/local/bin/cmake -E env VERBOSE=1 /usr/bin/gmake -f Makefile cmTC_a766f/fast && /usr/bin/gmake  -f CMakeFiles/cmTC_a766f.dir/build.make CMakeFiles/cmTC_a766f.dir/build
gmake[1]: Entering directory '/home/runner/work/Adaptive-AUTOSAR/Adaptive-AUTOSAR/build/CMakeFiles/CMakeTmp'
Building C object CMakeFiles/cmTC_a766f.dir/CurlTests.c.o
/usr/bin/cc -DcmTC_a766f_EXPORTS  -pedantic -Wall -W -Wpointer-arith -Wwrite-strings -Wunused -Wshadow -Winline -Wnested-externs -Wmissing-declarations -Wmissing-prototypes -Wfloat-equal -Wsign-compare -Wundef -Wendif-labels -Wstrict-prototypes -Wdeclaration-after-statement -Wstrict-aliasing=3 -Wcast-align -Wtype-limits -Wold-style-declaration -Wmissing-parameter-type -Wempty-body -Wclobbered -Wignored-qualifiers -Wconversion -Wvla -Wdouble-promotion -Wenum-conversion -Warith-conversion -Wno-long-long -Wno-multichar -Wno-format-nonliteral -Wno-sign-conversion -Wno-system-headers -DHAVE_IOCTL_SIOCGIFADDR  -DHAVE_INTTYPES_H -DHAVE_SYS_IOCTL_H -DHAVE_SYS_PARAM_H -DHAVE_SYS_POLL_H -DHAVE_SYS_RESOURCE_H -DHAVE_SYS_SELECT_H -DHAVE_SYS_SOCKET_H -DHAVE_SYS_STAT_H -DHAVE_SYS_TIME_H -DHAVE_SYS_TYPES_H -DHAVE_SYS_UN_H -DHAVE_SYS_XATTR_H -DHAVE_ARPA_INET_H -DHAVE_ARPA_TFTP_H -DHAVE_FCNTL_H -DHAVE_IFADDRS_H -DHAVE_LIBGEN_H -DHAVE_LOCALE_H -DHAVE_NET_IF_H -DHAVE_NETDB_H -DHAVE_NETINET_IN_H -DHAVE_NETINET_TCP_H -DHAVE_POLL_H -DHAVE_PWD_H -DHAVE_SETJMP_H -DHAVE_SIGNAL_H -DHAVE_STDATOMIC_H -DHAVE_STDBOOL_H -DHAVE_STDINT_H -DHAVE_STDLIB_H -DHAVE_STRING_H -DHAVE_STRINGS_H -DHAVE_TERMIO_H -DHAVE_TERMIOS_H -DHAVE_TIME_H -DHAVE_UNISTD_H -DHAVE_UTIME_H -DHAVE_STDDEF_H -DHAVE_STDINT_H -DHAVE_SYS_UTSNAME_H -o CMakeFiles/cmTC_a766f.dir/CurlTests.c.o -c /home/runner/work/Adaptive-AUTOSAR/Adaptive-AUTOSAR/build/_deps/libcurl-src/CMake/CurlTests.c
/home/runner/work/Adaptive-AUTOSAR/Adaptive-AUTOSAR/build/_deps/libcurl-src/CMake/CurlTests.c:351:1: warning: function declaration isn’t a prototype [-Wstrict-prototypes]
  351 | main ()
      | ^~~~
Linking C executable cmTC_a766f
/usr/local/bin/cmake -E cmake_link_script CMakeFiles/cmTC_a766f.dir/link.txt --verbose=1
/usr/bin/cc  -pedantic -Wall -W -Wpointer-arith -Wwrite-strings -Wunused -Wshadow -Winline -Wnested-externs -Wmissing-declarations -Wmissing-prototypes -Wfloat-equal -Wsign-compare -Wundef -Wendif-labels -Wstrict-prototypes -Wdeclaration-after-statement -Wstrict-aliasing=3 -Wcast-align -Wtype-limits -Wold-style-declaration -Wmissing-parameter-type -Wempty-body -Wclobbered -Wignored-qualifiers -Wconversion -Wvla -Wdouble-promotion -Wenum-conversion -Warith-conversion -Wno-long-long -Wno-multichar -Wno-format-nonliteral -Wno-sign-conversion -Wno-system-headers -DHAVE_IOCTL_SIOCGIFADDR  -DHAVE_INTTYPES_H -DHAVE_SYS_IOCTL_H -DHAVE_SYS_PARAM_H -DHAVE_SYS_POLL_H -DHAVE_SYS_RESOURCE_H -DHAVE_SYS_SELECT_H -DHAVE_SYS_SOCKET_H -DHAVE_SYS_STAT_H -DHAVE_SYS_TIME_H -DHAVE_SYS_TYPES_H -DHAVE_SYS_UN_H -DHAVE_SYS_XATTR_H -DHAVE_ARPA_INET_H -DHAVE_ARPA_TFTP_H -DHAVE_FCNTL_H -DHAVE_IFADDRS_H -DHAVE_LIBGEN_H -DHAVE_LOCALE_H -DHAVE_NET_IF_H -DHAVE_NETDB_H -DHAVE_NETINET_IN_H -DHAVE_NETINET_TCP_H -DHAVE_POLL_H -DHAVE_PWD_H -DHAVE_SETJMP_H -DHAVE_SIGNAL_H -DHAVE_STDATOMIC_H -DHAVE_STDBOOL_H -DHAVE_STDINT_H -DHAVE_STDLIB_H -DHAVE_STRING_H -DHAVE_STRINGS_H -DHAVE_TERMIO_H -DHAVE_TERMIOS_H -DHAVE_TIME_H -DHAVE_UNISTD_H -DHAVE_UTIME_H -DHAVE_STDDEF_H -DHAVE_STDINT_H -DHAVE_SYS_UTSNAME_H -Wl,--export-dynamic -rdynamic CMakeFiles/cmTC_a766f.dir/CurlTests.c.o -o cmTC_a766f  /usr/lib/x86_64-linux-gnu/libssl.so /usr/lib/x86_64-linux-gnu/libcrypto.so 
gmake[1]: Leaving directory '/home/runner/work/Adaptive-AUTOSAR/Adaptive-AUTOSAR/build/CMakeFiles/CMakeTmp'


Performing Curl Test TIME_WITH_SYS_TIME passed with the following output:
Change Dir: /home/runner/work/Adaptive-AUTOSAR/Adaptive-AUTOSAR/build/CMakeFiles/CMakeTmp

Run Build Command(s):/usr/local/bin/cmake -E env VERBOSE=1 /usr/bin/gmake -f Makefile cmTC_5a3bd/fast && /usr/bin/gmake  -f CMakeFiles/cmTC_5a3bd.dir/build.make CMakeFiles/cmTC_5a3bd.dir/build
gmake[1]: Entering directory '/home/runner/work/Adaptive-AUTOSAR/Adaptive-AUTOSAR/build/CMakeFiles/CMakeTmp'
Building C object CMakeFiles/cmTC_5a3bd.dir/CurlTests.c.o
/usr/bin/cc -DcmTC_5a3bd_EXPORTS  -pedantic -Wall -W -Wpointer-arith -Wwrite-strings -Wunused -Wshadow -Winline -Wnested-externs -Wmissing-declarations -Wmissing-prototypes -Wfloat-equal -Wsign-compare -Wundef -Wendif-labels -Wstrict-prototypes -Wdeclaration-after-statement -Wstrict-aliasing=3 -Wcast-align -Wtype-limits -Wold-style-declaration -Wmissing-parameter-type -Wempty-body -Wclobbered -Wignored-qualifiers -Wconversion -Wvla -Wdouble-promotion -Wenum-conversion -Warith-conversion -Wno-long-long -Wno-multichar -Wno-format-nonliteral -Wno-sign-conversion -Wno-system-headers -DTIME_WITH_SYS_TIME  -DHAVE_INTTYPES_H -DHAVE_SYS_IOCTL_H -DHAVE_SYS_PARAM_H -DHAVE_SYS_POLL_H -DHAVE_SYS_RESOURCE_H -DHAVE_SYS_SELECT_H -DHAVE_SYS_SOCKET_H -DHAVE_SYS_STAT_H -DHAVE_SYS_TIME_H -DHAVE_SYS_TYPES_H -DHAVE_SYS_UN_H -DHAVE_SYS_XATTR_H -DHAVE_ARPA_INET_H -DHAVE_ARPA_TFTP_H -DHAVE_FCNTL_H -DHAVE_IFADDRS_H -DHAVE_LIBGEN_H -DHAVE_LOCALE_H -DHAVE_NET_IF_H -DHAVE_NETDB_H -DHAVE_NETINET_IN_H -DHAVE_NETINET_TCP_H -DHAVE_POLL_H -DHAVE_PWD_H -DHAVE_SETJMP_H -DHAVE_SIGNAL_H -DHAVE_STDATOMIC_H -DHAVE_STDBOOL_H -DHAVE_STDINT_H -DHAVE_STDLIB_H -DHAVE_STRING_H -DHAVE_STRINGS_H -DHAVE_TERMIO_H -DHAVE_TERMIOS_H -DHAVE_TIME_H -DHAVE_UNISTD_H -DHAVE_UTIME_H -DHAVE_STDDEF_H -DHAVE_STDINT_H -DHAVE_SYS_UTSNAME_H -o CMakeFiles/cmTC_5a3bd.dir/CurlTests.c.o -c /home/runner/work/Adaptive-AUTOSAR/Adaptive-AUTOSAR/build/_deps/libcurl-src/CMake/CurlTests.c
/home/runner/work/Adaptive-AUTOSAR/Adaptive-AUTOSAR/build/_deps/libcurl-src/CMake/CurlTests.c:32:1: warning: function declaration isn’t a prototype [-Wstrict-prototypes]
   32 | main ()
      | ^~~~
Linking C executable cmTC_5a3bd
/usr/local/bin/cmake -E cmake_link_script CMakeFiles/cmTC_5a3bd.dir/link.txt --verbose=1
/usr/bin/cc  -pedantic -Wall -W -Wpointer-arith -Wwrite-strings -Wunused -Wshadow -Winline -Wnested-externs -Wmissing-declarations -Wmissing-prototypes -Wfloat-equal -Wsign-compare -Wundef -Wendif-labels -Wstrict-prototypes -Wdeclaration-after-statement -Wstrict-aliasing=3 -Wcast-align -Wtype-limits -Wold-style-declaration -Wmissing-parameter-type -Wempty-body -Wclobbered -Wignored-qualifiers -Wconversion -Wvla -Wdouble-promotion -Wenum-conversion -Warith-conversion -Wno-long-long -Wno-multichar -Wno-format-nonliteral -Wno-sign-conversion -Wno-system-headers -DTIME_WITH_SYS_TIME  -DHAVE_INTTYPES_H -DHAVE_SYS_IOCTL_H -DHAVE_SYS_PARAM_H -DHAVE_SYS_POLL_H -DHAVE_SYS_RESOURCE_H -DHAVE_SYS_SELECT_H -DHAVE_SYS_SOCKET_H -DHAVE_SYS_STAT_H -DHAVE_SYS_TIME_H -DHAVE_SYS_TYPES_H -DHAVE_SYS_UN_H -DHAVE_SYS_XATTR_H -DHAVE_ARPA_INET_H -DHAVE_ARPA_TFTP_H -DHAVE_FCNTL_H -DHAVE_IFADDRS_H -DHAVE_LIBGEN_H -DHAVE_LOCALE_H -DHAVE_NET_IF_H -DHAVE_NETDB_H -DHAVE_NETINET_IN_H -DHAVE_NETINET_TCP_H -DHAVE_POLL_H -DHAVE_PWD_H -DHAVE_SETJMP_H -DHAVE_SIGNAL_H -DHAVE_STDATOMIC_H -DHAVE_STDBOOL_H -DHAVE_STDINT_H -DHAVE_STDLIB_H -DHAVE_STRING_H -DHAVE_STRINGS_H -DHAVE_TERMIO_H -DHAVE_TERMIOS_H -DHAVE_TIME_H -DHAVE_UNISTD_H -DHAVE_UTIME_H -DHAVE_STDDEF_H -DHAVE_STDINT_H -DHAVE_SYS_UTSNAME_H -Wl,--export-dynamic -rdynamic CMakeFiles/cmTC_5a3bd.dir/CurlTests.c.o -o cmTC_5a3bd  /usr/lib/x86_64-linux-gnu/libssl.so /usr/lib/x86_64-linux-gnu/libcrypto.so 
gmake[1]: Leaving directory '/home/runner/work/Adaptive-AUTOSAR/Adaptive-AUTOSAR/build/CMakeFiles/CMakeTmp'


Performing Curl Test HAVE_GETHOSTBYNAME_R_6 passed with the following output:
Change Dir: /home/runner/work/Adaptive-AUTOSAR/Adaptive-AUTOSAR/build/CMakeFiles/CMakeTmp

Run Build Command(s):/usr/local/bin/cmake -E env VERBOSE=1 /usr/bin/gmake -f Makefile cmTC_2cefc/fast && /usr/bin/gmake  -f CMakeFiles/cmTC_2cefc.dir/build.make CMakeFiles/cmTC_2cefc.dir/build
gmake[1]: Entering directory '/home/runner/work/Adaptive-AUTOSAR/Adaptive-AUTOSAR/build/CMakeFiles/CMakeTmp'
Building C object CMakeFiles/cmTC_2cefc.dir/CurlTests.c.o
/usr/bin/cc -DcmTC_2cefc_EXPORTS  -pedantic -Wall -W -Wpointer-arith -Wwrite-strings -Wunused -Wshadow -Winline -Wnested-externs -Wmissing-declarations -Wmissing-prototypes -Wfloat-equal -Wsign-compare -Wundef -Wendif-labels -Wstrict-prototypes -Wdeclaration-after-statement -Wstrict-aliasing=3 -Wcast-align -Wtype-limits -Wold-style-declaration -Wmissing-parameter-type -Wempty-body -Wclobbered -Wignored-qualifiers -Wconversion -Wvla -Wdouble-promotion -Wenum-conversion -Warith-conversion -Wno-long-long -Wno-multichar -Wno-format-nonliteral -Wno-sign-conversion -Wno-system-headers -DHAVE_GETHOSTBYNAME_R_6  -DHAVE_INTTYPES_H -DHAVE_SYS_IOCTL_H -DHAVE_SYS_PARAM_H -DHAVE_SYS_POLL_H -DHAVE_SYS_RESOURCE_H -DHAVE_SYS_SELECT_H -DHAVE_SYS_SOCKET_H -DHAVE_SYS_STAT_H -DHAVE_SYS_TIME_H -DHAVE_SYS_TYPES_H -DHAVE_SYS_UN_H -DHAVE_SYS_XATTR_H -DHAVE_ARPA_INET_H -DHAVE_ARPA_TFTP_H -DHAVE_FCNTL_H -DHAVE_IFADDRS_H -DHAVE_LIBGEN_H -DHAVE_LOCALE_H -DHAVE_NET_IF_H -DHAVE_NETDB_H -DHAVE_NETINET_IN_H -DHAVE_NETINET_TCP_H -DHAVE_POLL_H -DHAVE_PWD_H -DHAVE_SETJMP_H -DHAVE_SIGNAL_H -DHAVE_STDATOMIC_H -DHAVE_STDBOOL_H -DHAVE_STDINT_H -DHAVE_STDLIB_H -DHAVE_STRING_H -DHAVE_STRINGS_H -DHAVE_TERMIO_H -DHAVE_TERMIOS_H -DHAVE_TIME_H -DHAVE_UNISTD_H -DHAVE_UTIME_H -DHAVE_STDDEF_H -DHAVE_STDINT_H -DHAVE_SYS_UTSNAME_H -o CMakeFiles/cmTC_2cefc.dir/CurlTests.c.o -c /home/runner/work/Adaptive-AUTOSAR/Adaptive-AUTOSAR/build/_deps/libcurl-src/CMake/CurlTests.c
/home/runner/work/Adaptive-AUTOSAR/Adaptive-AUTOSAR/build/_deps/libcurl-src/CMake/CurlTests.c: In function ‘main’:
/home/runner/work/Adaptive-AUTOSAR/Adaptive-AUTOSAR/build/_deps/libcurl-src/CMake/CurlTests.c:92:19: warning: initialization discards ‘const’ qualifier from pointer target type [-Wdiscarded-qualifiers]
   92 |   char *address = "example.com";
      |                   ^~~~~~~~~~~~~
Linking C executable cmTC_2cefc
/usr/local/bin/cmake -E cmake_link_script CMakeFiles/cmTC_2cefc.dir/link.txt --verbose=1
/usr/bin/cc  -pedantic -Wall -W -Wpointer-arith -Wwrite-strings -Wunused -Wshadow -Winline -Wnested-externs -Wmissing-declarations -Wmissing-prototypes -Wfloat-equal -Wsign-compare -Wundef -Wendif-labels -Wstrict-prototypes -Wdeclaration-after-statement -Wstrict-aliasing=3 -Wcast-align -Wtype-limits -Wold-style-declaration -Wmissing-parameter-type -Wempty-body -Wclobbered -Wignored-qualifiers -Wconversion -Wvla -Wdouble-promotion -Wenum-conversion -Warith-conversion -Wno-long-long -Wno-multichar -Wno-format-nonliteral -Wno-sign-conversion -Wno-system-headers -DHAVE_GETHOSTBYNAME_R_6  -DHAVE_INTTYPES_H -DHAVE_SYS_IOCTL_H -DHAVE_SYS_PARAM_H -DHAVE_SYS_POLL_H -DHAVE_SYS_RESOURCE_H -DHAVE_SYS_SELECT_H -DHAVE_SYS_SOCKET_H -DHAVE_SYS_STAT_H -DHAVE_SYS_TIME_H -DHAVE_SYS_TYPES_H -DHAVE_SYS_UN_H -DHAVE_SYS_XATTR_H -DHAVE_ARPA_INET_H -DHAVE_ARPA_TFTP_H -DHAVE_FCNTL_H -DHAVE_IFADDRS_H -DHAVE_LIBGEN_H -DHAVE_LOCALE_H -DHAVE_NET_IF_H -DHAVE_NETDB_H -DHAVE_NETINET_IN_H -DHAVE_NETINET_TCP_H -DHAVE_POLL_H -DHAVE_PWD_H -DHAVE_SETJMP_H -DHAVE_SIGNAL_H -DHAVE_STDATOMIC_H -DHAVE_STDBOOL_H -DHAVE_STDINT_H -DHAVE_STDLIB_H -DHAVE_STRING_H -DHAVE_STRINGS_H -DHAVE_TERMIO_H -DHAVE_TERMIOS_H -DHAVE_TIME_H -DHAVE_UNISTD_H -DHAVE_UTIME_H -DHAVE_STDDEF_H -DHAVE_STDINT_H -DHAVE_SYS_UTSNAME_H -Wl,--export-dynamic -rdynamic CMakeFiles/cmTC_2cefc.dir/CurlTests.c.o -o cmTC_2cefc  /usr/lib/x86_64-linux-gnu/libssl.so /usr/lib/x86_64-linux-gnu/libcrypto.so 
gmake[1]: Leaving directory '/home/runner/work/Adaptive-AUTOSAR/Adaptive-AUTOSAR/build/CMakeFiles/CMakeTmp'


Performing Curl Test HAVE_GETHOSTBYNAME_R_6_REENTRANT passed with the following output:
Change Dir: /home/runner/work/Adaptive-AUTOSAR/Adaptive-AUTOSAR/build/CMakeFiles/CMakeTmp

Run Build Command(s):/usr/local/bin/cmake -E env VERBOSE=1 /usr/bin/gmake -f Makefile cmTC_5e3e8/fast && /usr/bin/gmake  -f CMakeFiles/cmTC_5e3e8.dir/build.make CMakeFiles/cmTC_5e3e8.dir/build
gmake[1]: Entering directory '/home/runner/work/Adaptive-AUTOSAR/Adaptive-AUTOSAR/build/CMakeFiles/CMakeTmp'
Building C object CMakeFiles/cmTC_5e3e8.dir/CurlTests.c.o
/usr/bin/cc -DcmTC_5e3e8_EXPORTS  -pedantic -Wall -W -Wpointer-arith -Wwrite-strings -Wunused -Wshadow -Winline -Wnested-externs -Wmissing-declarations -Wmissing-prototypes -Wfloat-equal -Wsign-compare -Wundef -Wendif-labels -Wstrict-prototypes -Wdeclaration-after-statement -Wstrict-aliasing=3 -Wcast-align -Wtype-limits -Wold-style-declaration -Wmissing-parameter-type -Wempty-body -Wclobbered -Wignored-qualifiers -Wconversion -Wvla -Wdouble-promotion -Wenum-conversion -Warith-conversion -Wno-long-long -Wno-multichar -Wno-format-nonliteral -Wno-sign-conversion -Wno-system-headers -DHAVE_GETHOSTBYNAME_R_6_REENTRANT  -DHAVE_INTTYPES_H -DHAVE_SYS_IOCTL_H -DHAVE_SYS_PARAM_H -DHAVE_SYS_POLL_H -DHAVE_SYS_RESOURCE_H -DHAVE_SYS_SELECT_H -DHAVE_SYS_SOCKET_H -DHAVE_SYS_STAT_H -DHAVE_SYS_TIME_H -DHAVE_SYS_TYPES_H -DHAVE_SYS_UN_H -DHAVE_SYS_XATTR_H -DHAVE_ARPA_INET_H -DHAVE_ARPA_TFTP_H -DHAVE_FCNTL_H -DHAVE_IFADDRS_H -DHAVE_LIBGEN_H -DHAVE_LOCALE_H -DHAVE_NET_IF_H -DHAVE_NETDB_H -DHAVE_NETINET_IN_H -DHAVE_NETINET_TCP_H -DHAVE_POLL_H -DHAVE_PWD_H -DHAVE_SETJMP_H -DHAVE_SIGNAL_H -DHAVE_STDATOMIC_H -DHAVE_STDBOOL_H -DHAVE_STDINT_H -DHAVE_STDLIB_H -DHAVE_STRING_H -DHAVE_STRINGS_H -DHAVE_TERMIO_H -DHAVE_TERMIOS_H -DHAVE_TIME_H -DHAVE_UNISTD_H -DHAVE_UTIME_H -DHAVE_STDDEF_H -DHAVE_STDINT_H -DHAVE_SYS_UTSNAME_H -o CMakeFiles/cmTC_5e3e8.dir/CurlTests.c.o -c /home/runner/work/Adaptive-AUTOSAR/Adaptive-AUTOSAR/build/_deps/libcurl-src/CMake/CurlTests.c
/home/runner/work/Adaptive-AUTOSAR/Adaptive-AUTOSAR/build/_deps/libcurl-src/CMake/CurlTests.c: In function ‘main’:
/home/runner/work/Adaptive-AUTOSAR/Adaptive-AUTOSAR/build/_deps/libcurl-src/CMake/CurlTests.c:92:19: warning: initialization discards ‘const’ qualifier from pointer target type [-Wdiscarded-qualifiers]
   92 |   char *address = "example.com";
      |                   ^~~~~~~~~~~~~
Linking C executable cmTC_5e3e8
/usr/local/bin/cmake -E cmake_link_script CMakeFiles/cmTC_5e3e8.dir/link.txt --verbose=1
/usr/bin/cc  -pedantic -Wall -W -Wpointer-arith -Wwrite-strings -Wunused -Wshadow -Winline -Wnested-externs -Wmissing-declarations -Wmissing-prototypes -Wfloat-equal -Wsign-compare -Wundef -Wendif-labels -Wstrict-prototypes -Wdeclaration-after-statement -Wstrict-aliasing=3 -Wcast-align -Wtype-limits -Wold-style-declaration -Wmissing-parameter-type -Wempty-body -Wclobbered -Wignored-qualifiers -Wconversion -Wvla -Wdouble-promotion -Wenum-conversion -Warith-conversion -Wno-long-long -Wno-multichar -Wno-format-nonliteral -Wno-sign-conversion -Wno-system-headers -DHAVE_GETHOSTBYNAME_R_6_REENTRANT  -DHAVE_INTTYPES_H -DHAVE_SYS_IOCTL_H -DHAVE_SYS_PARAM_H -DHAVE_SYS_POLL_H -DHAVE_SYS_RESOURCE_H -DHAVE_SYS_SELECT_H -DHAVE_SYS_SOCKET_H -DHAVE_SYS_STAT_H -DHAVE_SYS_TIME_H -DHAVE_SYS_TYPES_H -DHAVE_SYS_UN_H -DHAVE_SYS_XATTR_H -DHAVE_ARPA_INET_H -DHAVE_ARPA_TFTP_H -DHAVE_FCNTL_H -DHAVE_IFADDRS_H -DHAVE_LIBGEN_H -DHAVE_LOCALE_H -DHAVE_NET_IF_H -DHAVE_NETDB_H -DHAVE_NETINET_IN_H -DHAVE_NETINET_TCP_H -DHAVE_POLL_H -DHAVE_PWD_H -DHAVE_SETJMP_H -DHAVE_SIGNAL_H -DHAVE_STDATOMIC_H -DHAVE_STDBOOL_H -DHAVE_STDINT_H -DHAVE_STDLIB_H -DHAVE_STRING_H -DHAVE_STRINGS_H -DHAVE_TERMIO_H -DHAVE_TERMIOS_H -DHAVE_TIME_H -DHAVE_UNISTD_H -DHAVE_UTIME_H -DHAVE_STDDEF_H -DHAVE_STDINT_H -DHAVE_SYS_UTSNAME_H -Wl,--export-dynamic -rdynamic CMakeFiles/cmTC_5e3e8.dir/CurlTests.c.o -o cmTC_5e3e8  /usr/lib/x86_64-linux-gnu/libssl.so /usr/lib/x86_64-linux-gnu/libcrypto.so 
gmake[1]: Leaving directory '/home/runner/work/Adaptive-AUTOSAR/Adaptive-AUTOSAR/build/CMakeFiles/CMakeTmp'


Performing Curl Test HAVE_IN_ADDR_T passed with the following output:
Change Dir: /home/runner/work/Adaptive-AUTOSAR/Adaptive-AUTOSAR/build/CMakeFiles/CMakeTmp

Run Build Command(s):/usr/local/bin/cmake -E env VERBOSE=1 /usr/bin/gmake -f Makefile cmTC_ffe4d/fast && /usr/bin/gmake  -f CMakeFiles/cmTC_ffe4d.dir/build.make CMakeFiles/cmTC_ffe4d.dir/build
gmake[1]: Entering directory '/home/runner/work/Adaptive-AUTOSAR/Adaptive-AUTOSAR/build/CMakeFiles/CMakeTmp'
Building C object CMakeFiles/cmTC_ffe4d.dir/CurlTests.c.o
/usr/bin/cc -DcmTC_ffe4d_EXPORTS  -pedantic -Wall -W -Wpointer-arith -Wwrite-strings -Wunused -Wshadow -Winline -Wnested-externs -Wmissing-declarations -Wmissing-prototypes -Wfloat-equal -Wsign-compare -Wundef -Wendif-labels -Wstrict-prototypes -Wdeclaration-after-statement -Wstrict-aliasing=3 -Wcast-align -Wtype-limits -Wold-style-declaration -Wmissing-parameter-type -Wempty-body -Wclobbered -Wignored-qualifiers -Wconversion -Wvla -Wdouble-promotion -Wenum-conversion -Warith-conversion -Wno-long-long -Wno-multichar -Wno-format-nonliteral -Wno-sign-conversion -Wno-system-headers -DHAVE_IN_ADDR_T  -DHAVE_INTTYPES_H -DHAVE_SYS_IOCTL_H -DHAVE_SYS_PARAM_H -DHAVE_SYS_POLL_H -DHAVE_SYS_RESOURCE_H -DHAVE_SYS_SELECT_H -DHAVE_SYS_SOCKET_H -DHAVE_SYS_STAT_H -DHAVE_SYS_TIME_H -DHAVE_SYS_TYPES_H -DHAVE_SYS_UN_H -DHAVE_SYS_XATTR_H -DHAVE_ARPA_INET_H -DHAVE_ARPA_TFTP_H -DHAVE_FCNTL_H -DHAVE_IFADDRS_H -DHAVE_LIBGEN_H -DHAVE_LOCALE_H -DHAVE_NET_IF_H -DHAVE_NETDB_H -DHAVE_NETINET_IN_H -DHAVE_NETINET_TCP_H -DHAVE_POLL_H -DHAVE_PWD_H -DHAVE_SETJMP_H -DHAVE_SIGNAL_H -DHAVE_STDATOMIC_H -DHAVE_STDBOOL_H -DHAVE_STDINT_H -DHAVE_STDLIB_H -DHAVE_STRING_H -DHAVE_STRINGS_H -DHAVE_TERMIO_H -DHAVE_TERMIOS_H -DHAVE_TIME_H -DHAVE_UNISTD_H -DHAVE_UTIME_H -DHAVE_STDDEF_H -DHAVE_STDINT_H -DHAVE_SYS_UTSNAME_H -o CMakeFiles/cmTC_ffe4d.dir/CurlTests.c.o -c /home/runner/work/Adaptive-AUTOSAR/Adaptive-AUTOSAR/build/_deps/libcurl-src/CMake/CurlTests.c
/home/runner/work/Adaptive-AUTOSAR/Adaptive-AUTOSAR/build/_deps/libcurl-src/CMake/CurlTests.c:152:1: warning: function declaration isn’t a prototype [-Wstrict-prototypes]
  152 | main ()
      | ^~~~
Linking C executable cmTC_ffe4d
/usr/local/bin/cmake -E cmake_link_script CMakeFiles/cmTC_ffe4d.dir/link.txt --verbose=1
/usr/bin/cc  -pedantic -Wall -W -Wpointer-arith -Wwrite-strings -Wunused -Wshadow -Winline -Wnested-externs -Wmissing-declarations -Wmissing-prototypes -Wfloat-equal -Wsign-compare -Wundef -Wendif-labels -Wstrict-prototypes -Wdeclaration-after-statement -Wstrict-aliasing=3 -Wcast-align -Wtype-limits -Wold-style-declaration -Wmissing-parameter-type -Wempty-body -Wclobbered -Wignored-qualifiers -Wconversion -Wvla -Wdouble-promotion -Wenum-conversion -Warith-conversion -Wno-long-long -Wno-multichar -Wno-format-nonliteral -Wno-sign-conversion -Wno-system-headers -DHAVE_IN_ADDR_T  -DHAVE_INTTYPES_H -DHAVE_SYS_IOCTL_H -DHAVE_SYS_PARAM_H -DHAVE_SYS_POLL_H -DHAVE_SYS_RESOURCE_H -DHAVE_SYS_SELECT_H -DHAVE_SYS_SOCKET_H -DHAVE_SYS_STAT_H -DHAVE_SYS_TIME_H -DHAVE_SYS_TYPES_H -DHAVE_SYS_UN_H -DHAVE_SYS_XATTR_H -DHAVE_ARPA_INET_H -DHAVE_ARPA_TFTP_H -DHAVE_FCNTL_H -DHAVE_IFADDRS_H -DHAVE_LIBGEN_H -DHAVE_LOCALE_H -DHAVE_NET_IF_H -DHAVE_NETDB_H -DHAVE_NETINET_IN_H -DHAVE_NETINET_TCP_H -DHAVE_POLL_H -DHAVE_PWD_H -DHAVE_SETJMP_H -DHAVE_SIGNAL_H -DHAVE_STDATOMIC_H -DHAVE_STDBOOL_H -DHAVE_STDINT_H -DHAVE_STDLIB_H -DHAVE_STRING_H -DHAVE_STRINGS_H -DHAVE_TERMIO_H -DHAVE_TERMIOS_H -DHAVE_TIME_H -DHAVE_UNISTD_H -DHAVE_UTIME_H -DHAVE_STDDEF_H -DHAVE_STDINT_H -DHAVE_SYS_UTSNAME_H -Wl,--export-dynamic -rdynamic CMakeFiles/cmTC_ffe4d.dir/CurlTests.c.o -o cmTC_ffe4d  /usr/lib/x86_64-linux-gnu/libssl.so /usr/lib/x86_64-linux-gnu/libcrypto.so 
gmake[1]: Leaving directory '/home/runner/work/Adaptive-AUTOSAR/Adaptive-AUTOSAR/build/CMakeFiles/CMakeTmp'


Performing Curl Test HAVE_BOOL_T passed with the following output:
Change Dir: /home/runner/work/Adaptive-AUTOSAR/Adaptive-AUTOSAR/build/CMakeFiles/CMakeTmp

Run Build Command(s):/usr/local/bin/cmake -E env VERBOSE=1 /usr/bin/gmake -f Makefile cmTC_75c98/fast && /usr/bin/gmake  -f CMakeFiles/cmTC_75c98.dir/build.make CMakeFiles/cmTC_75c98.dir/build
gmake[1]: Entering directory '/home/runner/work/Adaptive-AUTOSAR/Adaptive-AUTOSAR/build/CMakeFiles/CMakeTmp'
Building C object CMakeFiles/cmTC_75c98.dir/CurlTests.c.o
/usr/bin/cc -DcmTC_75c98_EXPORTS  -pedantic -Wall -W -Wpointer-arith -Wwrite-strings -Wunused -Wshadow -Winline -Wnested-externs -Wmissing-declarations -Wmissing-prototypes -Wfloat-equal -Wsign-compare -Wundef -Wendif-labels -Wstrict-prototypes -Wdeclaration-after-statement -Wstrict-aliasing=3 -Wcast-align -Wtype-limits -Wold-style-declaration -Wmissing-parameter-type -Wempty-body -Wclobbered -Wignored-qualifiers -Wconversion -Wvla -Wdouble-promotion -Wenum-conversion -Warith-conversion -Wno-long-long -Wno-multichar -Wno-format-nonliteral -Wno-sign-conversion -Wno-system-headers -DHAVE_BOOL_T  -DHAVE_INTTYPES_H -DHAVE_SYS_IOCTL_H -DHAVE_SYS_PARAM_H -DHAVE_SYS_POLL_H -DHAVE_SYS_RESOURCE_H -DHAVE_SYS_SELECT_H -DHAVE_SYS_SOCKET_H -DHAVE_SYS_STAT_H -DHAVE_SYS_TIME_H -DHAVE_SYS_TYPES_H -DHAVE_SYS_UN_H -DHAVE_SYS_XATTR_H -DHAVE_ARPA_INET_H -DHAVE_ARPA_TFTP_H -DHAVE_FCNTL_H -DHAVE_IFADDRS_H -DHAVE_LIBGEN_H -DHAVE_LOCALE_H -DHAVE_NET_IF_H -DHAVE_NETDB_H -DHAVE_NETINET_IN_H -DHAVE_NETINET_TCP_H -DHAVE_POLL_H -DHAVE_PWD_H -DHAVE_SETJMP_H -DHAVE_SIGNAL_H -DHAVE_STDATOMIC_H -DHAVE_STDBOOL_H -DHAVE_STDINT_H -DHAVE_STDLIB_H -DHAVE_STRING_H -DHAVE_STRINGS_H -DHAVE_TERMIO_H -DHAVE_TERMIOS_H -DHAVE_TIME_H -DHAVE_UNISTD_H -DHAVE_UTIME_H -DHAVE_STDDEF_H -DHAVE_STDINT_H -DHAVE_SYS_UTSNAME_H -o CMakeFiles/cmTC_75c98.dir/CurlTests.c.o -c /home/runner/work/Adaptive-AUTOSAR/Adaptive-AUTOSAR/build/_deps/libcurl-src/CMake/CurlTests.c
/home/runner/work/Adaptive-AUTOSAR/Adaptive-AUTOSAR/build/_deps/libcurl-src/CMake/CurlTests.c:171:1: warning: function declaration isn’t a prototype [-Wstrict-prototypes]
  171 | main ()
      | ^~~~
Linking C executable cmTC_75c98
/usr/local/bin/cmake -E cmake_link_script CMakeFiles/cmTC_75c98.dir/link.txt --verbose=1
/usr/bin/cc  -pedantic -Wall -W -Wpointer-arith -Wwrite-strings -Wunused -Wshadow -Winline -Wnested-externs -Wmissing-declarations -Wmissing-prototypes -Wfloat-equal -Wsign-compare -Wundef -Wendif-labels -Wstrict-prototypes -Wdeclaration-after-statement -Wstrict-aliasing=3 -Wcast-align -Wtype-limits -Wold-style-declaration -Wmissing-parameter-type -Wempty-body -Wclobbered -Wignored-qualifiers -Wconversion -Wvla -Wdouble-promotion -Wenum-conversion -Warith-conversion -Wno-long-long -Wno-multichar -Wno-format-nonliteral -Wno-sign-conversion -Wno-system-headers -DHAVE_BOOL_T  -DHAVE_INTTYPES_H -DHAVE_SYS_IOCTL_H -DHAVE_SYS_PARAM_H -DHAVE_SYS_POLL_H -DHAVE_SYS_RESOURCE_H -DHAVE_SYS_SELECT_H -DHAVE_SYS_SOCKET_H -DHAVE_SYS_STAT_H -DHAVE_SYS_TIME_H -DHAVE_SYS_TYPES_H -DHAVE_SYS_UN_H -DHAVE_SYS_XATTR_H -DHAVE_ARPA_INET_H -DHAVE_ARPA_TFTP_H -DHAVE_FCNTL_H -DHAVE_IFADDRS_H -DHAVE_LIBGEN_H -DHAVE_LOCALE_H -DHAVE_NET_IF_H -DHAVE_NETDB_H -DHAVE_NETINET_IN_H -DHAVE_NETINET_TCP_H -DHAVE_POLL_H -DHAVE_PWD_H -DHAVE_SETJMP_H -DHAVE_SIGNAL_H -DHAVE_STDATOMIC_H -DHAVE_STDBOOL_H -DHAVE_STDINT_H -DHAVE_STDLIB_H -DHAVE_STRING_H -DHAVE_STRINGS_H -DHAVE_TERMIO_H -DHAVE_TERMIOS_H -DHAVE_TIME_H -DHAVE_UNISTD_H -DHAVE_UTIME_H -DHAVE_STDDEF_H -DHAVE_STDINT_H -DHAVE_SYS_UTSNAME_H -Wl,--export-dynamic -rdynamic CMakeFiles/cmTC_75c98.dir/CurlTests.c.o -o cmTC_75c98  /usr/lib/x86_64-linux-gnu/libssl.so /usr/lib/x86_64-linux-gnu/libcrypto.so 
gmake[1]: Leaving directory '/home/runner/work/Adaptive-AUTOSAR/Adaptive-AUTOSAR/build/CMakeFiles/CMakeTmp'


Performing Curl Test STDC_HEADERS passed with the following output:
Change Dir: /home/runner/work/Adaptive-AUTOSAR/Adaptive-AUTOSAR/build/CMakeFiles/CMakeTmp

Run Build Command(s):/usr/local/bin/cmake -E env VERBOSE=1 /usr/bin/gmake -f Makefile cmTC_fc465/fast && /usr/bin/gmake  -f CMakeFiles/cmTC_fc465.dir/build.make CMakeFiles/cmTC_fc465.dir/build
gmake[1]: Entering directory '/home/runner/work/Adaptive-AUTOSAR/Adaptive-AUTOSAR/build/CMakeFiles/CMakeTmp'
Building C object CMakeFiles/cmTC_fc465.dir/CurlTests.c.o
/usr/bin/cc -DcmTC_fc465_EXPORTS  -pedantic -Wall -W -Wpointer-arith -Wwrite-strings -Wunused -Wshadow -Winline -Wnested-externs -Wmissing-declarations -Wmissing-prototypes -Wfloat-equal -Wsign-compare -Wundef -Wendif-labels -Wstrict-prototypes -Wdeclaration-after-statement -Wstrict-aliasing=3 -Wcast-align -Wtype-limits -Wold-style-declaration -Wmissing-parameter-type -Wempty-body -Wclobbered -Wignored-qualifiers -Wconversion -Wvla -Wdouble-promotion -Wenum-conversion -Warith-conversion -Wno-long-long -Wno-multichar -Wno-format-nonliteral -Wno-sign-conversion -Wno-system-headers -DSTDC_HEADERS  -DHAVE_INTTYPES_H -DHAVE_SYS_IOCTL_H -DHAVE_SYS_PARAM_H -DHAVE_SYS_POLL_H -DHAVE_SYS_RESOURCE_H -DHAVE_SYS_SELECT_H -DHAVE_SYS_SOCKET_H -DHAVE_SYS_STAT_H -DHAVE_SYS_TIME_H -DHAVE_SYS_TYPES_H -DHAVE_SYS_UN_H -DHAVE_SYS_XATTR_H -DHAVE_ARPA_INET_H -DHAVE_ARPA_TFTP_H -DHAVE_FCNTL_H -DHAVE_IFADDRS_H -DHAVE_LIBGEN_H -DHAVE_LOCALE_H -DHAVE_NET_IF_H -DHAVE_NETDB_H -DHAVE_NETINET_IN_H -DHAVE_NETINET_TCP_H -DHAVE_POLL_H -DHAVE_PWD_H -DHAVE_SETJMP_H -DHAVE_SIGNAL_H -DHAVE_STDATOMIC_H -DHAVE_STDBOOL_H -DHAVE_STDINT_H -DHAVE_STDLIB_H -DHAVE_STRING_H -DHAVE_STRINGS_H -DHAVE_TERMIO_H -DHAVE_TERMIOS_H -DHAVE_TIME_H -DHAVE_UNISTD_H -DHAVE_UTIME_H -DHAVE_STDDEF_H -DHAVE_STDINT_H -DHAVE_SYS_UTSNAME_H -o CMakeFiles/cmTC_fc465.dir/CurlTests.c.o -c /home/runner/work/Adaptive-AUTOSAR/Adaptive-AUTOSAR/build/_deps/libcurl-src/CMake/CurlTests.c
/home/runner/work/Adaptive-AUTOSAR/Adaptive-AUTOSAR/build/_deps/libcurl-src/CMake/CurlTests.c:185:5: warning: function declaration isn’t a prototype [-Wstrict-prototypes]
  185 | int main() { return 0; }
      |     ^~~~
Linking C executable cmTC_fc465
/usr/local/bin/cmake -E cmake_link_script CMakeFiles/cmTC_fc465.dir/link.txt --verbose=1
/usr/bin/cc  -pedantic -Wall -W -Wpointer-arith -Wwrite-strings -Wunused -Wshadow -Winline -Wnested-externs -Wmissing-declarations -Wmissing-prototypes -Wfloat-equal -Wsign-compare -Wundef -Wendif-labels -Wstrict-prototypes -Wdeclaration-after-statement -Wstrict-aliasing=3 -Wcast-align -Wtype-limits -Wold-style-declaration -Wmissing-parameter-type -Wempty-body -Wclobbered -Wignored-qualifiers -Wconversion -Wvla -Wdouble-promotion -Wenum-conversion -Warith-conversion -Wno-long-long -Wno-multichar -Wno-format-nonliteral -Wno-sign-conversion -Wno-system-headers -DSTDC_HEADERS  -DHAVE_INTTYPES_H -DHAVE_SYS_IOCTL_H -DHAVE_SYS_PARAM_H -DHAVE_SYS_POLL_H -DHAVE_SYS_RESOURCE_H -DHAVE_SYS_SELECT_H -DHAVE_SYS_SOCKET_H -DHAVE_SYS_STAT_H -DHAVE_SYS_TIME_H -DHAVE_SYS_TYPES_H -DHAVE_SYS_UN_H -DHAVE_SYS_XATTR_H -DHAVE_ARPA_INET_H -DHAVE_ARPA_TFTP_H -DHAVE_FCNTL_H -DHAVE_IFADDRS_H -DHAVE_LIBGEN_H -DHAVE_LOCALE_H -DHAVE_NET_IF_H -DHAVE_NETDB_H -DHAVE_NETINET_IN_H -DHAVE_NETINET_TCP_H -DHAVE_POLL_H -DHAVE_PWD_H -DHAVE_SETJMP_H -DHAVE_SIGNAL_H -DHAVE_STDATOMIC_H -DHAVE_STDBOOL_H -DHAVE_STDINT_H -DHAVE_STDLIB_H -DHAVE_STRING_H -DHAVE_STRINGS_H -DHAVE_TERMIO_H -DHAVE_TERMIOS_H -DHAVE_TIME_H -DHAVE_UNISTD_H -DHAVE_UTIME_H -DHAVE_STDDEF_H -DHAVE_STDINT_H -DHAVE_SYS_UTSNAME_H -Wl,--export-dynamic -rdynamic CMakeFiles/cmTC_fc465.dir/CurlTests.c.o -o cmTC_fc465  /usr/lib/x86_64-linux-gnu/libssl.so /usr/lib/x86_64-linux-gnu/libcrypto.so 
gmake[1]: Leaving directory '/home/runner/work/Adaptive-AUTOSAR/Adaptive-AUTOSAR/build/CMakeFiles/CMakeTmp'


Performing Curl Test HAVE_FILE_OFFSET_BITS passed with the following output:
Change Dir: /home/runner/work/Adaptive-AUTOSAR/Adaptive-AUTOSAR/build/CMakeFiles/CMakeTmp

Run Build Command(s):/usr/local/bin/cmake -E env VERBOSE=1 /usr/bin/gmake -f Makefile cmTC_508a6/fast && /usr/bin/gmake  -f CMakeFiles/cmTC_508a6.dir/build.make CMakeFiles/cmTC_508a6.dir/build
gmake[1]: Entering directory '/home/runner/work/Adaptive-AUTOSAR/Adaptive-AUTOSAR/build/CMakeFiles/CMakeTmp'
Building C object CMakeFiles/cmTC_508a6.dir/CurlTests.c.o
/usr/bin/cc -DcmTC_508a6_EXPORTS  -pedantic -Wall -W -Wpointer-arith -Wwrite-strings -Wunused -Wshadow -Winline -Wnested-externs -Wmissing-declarations -Wmissing-prototypes -Wfloat-equal -Wsign-compare -Wundef -Wendif-labels -Wstrict-prototypes -Wdeclaration-after-statement -Wstrict-aliasing=3 -Wcast-align -Wtype-limits -Wold-style-declaration -Wmissing-parameter-type -Wempty-body -Wclobbered -Wignored-qualifiers -Wconversion -Wvla -Wdouble-promotion -Wenum-conversion -Warith-conversion -Wno-long-long -Wno-multichar -Wno-format-nonliteral -Wno-sign-conversion -Wno-system-headers -DHAVE_FILE_OFFSET_BITS  -DHAVE_INTTYPES_H -DHAVE_SYS_IOCTL_H -DHAVE_SYS_PARAM_H -DHAVE_SYS_POLL_H -DHAVE_SYS_RESOURCE_H -DHAVE_SYS_SELECT_H -DHAVE_SYS_SOCKET_H -DHAVE_SYS_STAT_H -DHAVE_SYS_TIME_H -DHAVE_SYS_TYPES_H -DHAVE_SYS_UN_H -DHAVE_SYS_XATTR_H -DHAVE_ARPA_INET_H -DHAVE_ARPA_TFTP_H -DHAVE_FCNTL_H -DHAVE_IFADDRS_H -DHAVE_LIBGEN_H -DHAVE_LOCALE_H -DHAVE_NET_IF_H -DHAVE_NETDB_H -DHAVE_NETINET_IN_H -DHAVE_NETINET_TCP_H -DHAVE_POLL_H -DHAVE_PWD_H -DHAVE_SETJMP_H -DHAVE_SIGNAL_H -DHAVE_STDATOMIC_H -DHAVE_STDBOOL_H -DHAVE_STDINT_H -DHAVE_STDLIB_H -DHAVE_STRING_H -DHAVE_STRINGS_H -DHAVE_TERMIO_H -DHAVE_TERMIOS_H -DHAVE_TIME_H -DHAVE_UNISTD_H -DHAVE_UTIME_H -DHAVE_STDDEF_H -DHAVE_STDINT_H -DHAVE_SYS_UTSNAME_H -o CMakeFiles/cmTC_508a6.dir/CurlTests.c.o -c /home/runner/work/Adaptive-AUTOSAR/Adaptive-AUTOSAR/build/_deps/libcurl-src/CMake/CurlTests.c
/home/runner/work/Adaptive-AUTOSAR/Adaptive-AUTOSAR/build/_deps/libcurl-src/CMake/CurlTests.c:201:5: warning: function declaration isn’t a prototype [-Wstrict-prototypes]
  201 | int main () { ; return 0; }
      |     ^~~~
Linking C executable cmTC_508a6
/usr/local/bin/cmake -E cmake_link_script CMakeFiles/cmTC_508a6.dir/link.txt --verbose=1
/usr/bin/cc  -pedantic -Wall -W -Wpointer-arith -Wwrite-strings -Wunused -Wshadow -Winline -Wnested-externs -Wmissing-declarations -Wmissing-prototypes -Wfloat-equal -Wsign-compare -Wundef -Wendif-labels -Wstrict-prototypes -Wdeclaration-after-statement -Wstrict-aliasing=3 -Wcast-align -Wtype-limits -Wold-style-declaration -Wmissing-parameter-type -Wempty-body -Wclobbered -Wignored-qualifiers -Wconversion -Wvla -Wdouble-promotion -Wenum-conversion -Warith-conversion -Wno-long-long -Wno-multichar -Wno-format-nonliteral -Wno-sign-conversion -Wno-system-headers -DHAVE_FILE_OFFSET_BITS  -DHAVE_INTTYPES_H -DHAVE_SYS_IOCTL_H -DHAVE_SYS_PARAM_H -DHAVE_SYS_POLL_H -DHAVE_SYS_RESOURCE_H -DHAVE_SYS_SELECT_H -DHAVE_SYS_SOCKET_H -DHAVE_SYS_STAT_H -DHAVE_SYS_TIME_H -DHAVE_SYS_TYPES_H -DHAVE_SYS_UN_H -DHAVE_SYS_XATTR_H -DHAVE_ARPA_INET_H -DHAVE_ARPA_TFTP_H -DHAVE_FCNTL_H -DHAVE_IFADDRS_H -DHAVE_LIBGEN_H -DHAVE_LOCALE_H -DHAVE_NET_IF_H -DHAVE_NETDB_H -DHAVE_NETINET_IN_H -DHAVE_NETINET_TCP_H -DHAVE_POLL_H -DHAVE_PWD_H -DHAVE_SETJMP_H -DHAVE_SIGNAL_H -DHAVE_STDATOMIC_H -DHAVE_STDBOOL_H -DHAVE_STDINT_H -DHAVE_STDLIB_H -DHAVE_STRING_H -DHAVE_STRINGS_H -DHAVE_TERMIO_H -DHAVE_TERMIOS_H -DHAVE_TIME_H -DHAVE_UNISTD_H -DHAVE_UTIME_H -DHAVE_STDDEF_H -DHAVE_STDINT_H -DHAVE_SYS_UTSNAME_H -Wl,--export-dynamic -rdynamic CMakeFiles/cmTC_508a6.dir/CurlTests.c.o -o cmTC_508a6  /usr/lib/x86_64-linux-gnu/libssl.so /usr/lib/x86_64-linux-gnu/libcrypto.so 
gmake[1]: Leaving directory '/home/runner/work/Adaptive-AUTOSAR/Adaptive-AUTOSAR/build/CMakeFiles/CMakeTmp'


Performing Curl Test HAVE_VARIADIC_MACROS_C99 passed with the following output:
Change Dir: /home/runner/work/Adaptive-AUTOSAR/Adaptive-AUTOSAR/build/CMakeFiles/CMakeTmp

Run Build Command(s):/usr/local/bin/cmake -E env VERBOSE=1 /usr/bin/gmake -f Makefile cmTC_79d2a/fast && /usr/bin/gmake  -f CMakeFiles/cmTC_79d2a.dir/build.make CMakeFiles/cmTC_79d2a.dir/build
gmake[1]: Entering directory '/home/runner/work/Adaptive-AUTOSAR/Adaptive-AUTOSAR/build/CMakeFiles/CMakeTmp'
Building C object CMakeFiles/cmTC_79d2a.dir/CurlTests.c.o
/usr/bin/cc -DcmTC_79d2a_EXPORTS  -pedantic -Wall -W -Wpointer-arith -Wwrite-strings -Wunused -Wshadow -Winline -Wnested-externs -Wmissing-declarations -Wmissing-prototypes -Wfloat-equal -Wsign-compare -Wundef -Wendif-labels -Wstrict-prototypes -Wdeclaration-after-statement -Wstrict-aliasing=3 -Wcast-align -Wtype-limits -Wold-style-declaration -Wmissing-parameter-type -Wempty-body -Wclobbered -Wignored-qualifiers -Wconversion -Wvla -Wdouble-promotion -Wenum-conversion -Warith-conversion -Wno-long-long -Wno-multichar -Wno-format-nonliteral -Wno-sign-conversion -Wno-system-headers -DHAVE_VARIADIC_MACROS_C99  -DHAVE_INTTYPES_H -DHAVE_SYS_IOCTL_H -DHAVE_SYS_PARAM_H -DHAVE_SYS_POLL_H -DHAVE_SYS_RESOURCE_H -DHAVE_SYS_SELECT_H -DHAVE_SYS_SOCKET_H -DHAVE_SYS_STAT_H -DHAVE_SYS_TIME_H -DHAVE_SYS_TYPES_H -DHAVE_SYS_UN_H -DHAVE_SYS_XATTR_H -DHAVE_ARPA_INET_H -DHAVE_ARPA_TFTP_H -DHAVE_FCNTL_H -DHAVE_IFADDRS_H -DHAVE_LIBGEN_H -DHAVE_LOCALE_H -DHAVE_NET_IF_H -DHAVE_NETDB_H -DHAVE_NETINET_IN_H -DHAVE_NETINET_TCP_H -DHAVE_POLL_H -DHAVE_PWD_H -DHAVE_SETJMP_H -DHAVE_SIGNAL_H -DHAVE_STDATOMIC_H -DHAVE_STDBOOL_H -DHAVE_STDINT_H -DHAVE_STDLIB_H -DHAVE_STRING_H -DHAVE_STRINGS_H -DHAVE_TERMIO_H -DHAVE_TERMIOS_H -DHAVE_TIME_H -DHAVE_UNISTD_H -DHAVE_UTIME_H -DHAVE_STDDEF_H -DHAVE_STDINT_H -DHAVE_SYS_UTSNAME_H -o CMakeFiles/cmTC_79d2a.dir/CurlTests.c.o -c /home/runner/work/Adaptive-AUTOSAR/Adaptive-AUTOSAR/build/_deps/libcurl-src/CMake/CurlTests.c
/home/runner/work/Adaptive-AUTOSAR/Adaptive-AUTOSAR/build/_deps/libcurl-src/CMake/CurlTests.c:466:1: warning: function declaration isn’t a prototype [-Wstrict-prototypes]
  466 | main() {
      | ^~~~
Linking C executable cmTC_79d2a
/usr/local/bin/cmake -E cmake_link_script CMakeFiles/cmTC_79d2a.dir/link.txt --verbose=1
/usr/bin/cc  -pedantic -Wall -W -Wpointer-arith -Wwrite-strings -Wunused -Wshadow -Winline -Wnested-externs -Wmissing-declarations -Wmissing-prototypes -Wfloat-equal -Wsign-compare -Wundef -Wendif-labels -Wstrict-prototypes -Wdeclaration-after-statement -Wstrict-aliasing=3 -Wcast-align -Wtype-limits -Wold-style-declaration -Wmissing-parameter-type -Wempty-body -Wclobbered -Wignored-qualifiers -Wconversion -Wvla -Wdouble-promotion -Wenum-conversion -Warith-conversion -Wno-long-long -Wno-multichar -Wno-format-nonliteral -Wno-sign-conversion -Wno-system-headers -DHAVE_VARIADIC_MACROS_C99  -DHAVE_INTTYPES_H -DHAVE_SYS_IOCTL_H -DHAVE_SYS_PARAM_H -DHAVE_SYS_POLL_H -DHAVE_SYS_RESOURCE_H -DHAVE_SYS_SELECT_H -DHAVE_SYS_SOCKET_H -DHAVE_SYS_STAT_H -DHAVE_SYS_TIME_H -DHAVE_SYS_TYPES_H -DHAVE_SYS_UN_H -DHAVE_SYS_XATTR_H -DHAVE_ARPA_INET_H -DHAVE_ARPA_TFTP_H -DHAVE_FCNTL_H -DHAVE_IFADDRS_H -DHAVE_LIBGEN_H -DHAVE_LOCALE_H -DHAVE_NET_IF_H -DHAVE_NETDB_H -DHAVE_NETINET_IN_H -DHAVE_NETINET_TCP_H -DHAVE_POLL_H -DHAVE_PWD_H -DHAVE_SETJMP_H -DHAVE_SIGNAL_H -DHAVE_STDATOMIC_H -DHAVE_STDBOOL_H -DHAVE_STDINT_H -DHAVE_STDLIB_H -DHAVE_STRING_H -DHAVE_STRINGS_H -DHAVE_TERMIO_H -DHAVE_TERMIOS_H -DHAVE_TIME_H -DHAVE_UNISTD_H -DHAVE_UTIME_H -DHAVE_STDDEF_H -DHAVE_STDINT_H -DHAVE_SYS_UTSNAME_H -Wl,--export-dynamic -rdynamic CMakeFiles/cmTC_79d2a.dir/CurlTests.c.o -o cmTC_79d2a  /usr/lib/x86_64-linux-gnu/libssl.so /usr/lib/x86_64-linux-gnu/libcrypto.so 
gmake[1]: Leaving directory '/home/runner/work/Adaptive-AUTOSAR/Adaptive-AUTOSAR/build/CMakeFiles/CMakeTmp'


Performing Curl Test HAVE_VARIADIC_MACROS_GCC passed with the following output:
Change Dir: /home/runner/work/Adaptive-AUTOSAR/Adaptive-AUTOSAR/build/CMakeFiles/CMakeTmp

Run Build Command(s):/usr/local/bin/cmake -E env VERBOSE=1 /usr/bin/gmake -f Makefile cmTC_d9b46/fast && /usr/bin/gmake  -f CMakeFiles/cmTC_d9b46.dir/build.make CMakeFiles/cmTC_d9b46.dir/build
gmake[1]: Entering directory '/home/runner/work/Adaptive-AUTOSAR/Adaptive-AUTOSAR/build/CMakeFiles/CMakeTmp'
Building C object CMakeFiles/cmTC_d9b46.dir/CurlTests.c.o
/usr/bin/cc -DcmTC_d9b46_EXPORTS  -pedantic -Wall -W -Wpointer-arith -Wwrite-strings -Wunused -Wshadow -Winline -Wnested-externs -Wmissing-declarations -Wmissing-prototypes -Wfloat-equal -Wsign-compare -Wundef -Wendif-labels -Wstrict-prototypes -Wdeclaration-after-statement -Wstrict-aliasing=3 -Wcast-align -Wtype-limits -Wold-style-declaration -Wmissing-parameter-type -Wempty-body -Wclobbered -Wignored-qualifiers -Wconversion -Wvla -Wdouble-promotion -Wenum-conversion -Warith-conversion -Wno-long-long -Wno-multichar -Wno-format-nonliteral -Wno-sign-conversion -Wno-system-headers -DHAVE_VARIADIC_MACROS_GCC  -DHAVE_INTTYPES_H -DHAVE_SYS_IOCTL_H -DHAVE_SYS_PARAM_H -DHAVE_SYS_POLL_H -DHAVE_SYS_RESOURCE_H -DHAVE_SYS_SELECT_H -DHAVE_SYS_SOCKET_H -DHAVE_SYS_STAT_H -DHAVE_SYS_TIME_H -DHAVE_SYS_TYPES_H -DHAVE_SYS_UN_H -DHAVE_SYS_XATTR_H -DHAVE_ARPA_INET_H -DHAVE_ARPA_TFTP_H -DHAVE_FCNTL_H -DHAVE_IFADDRS_H -DHAVE_LIBGEN_H -DHAVE_LOCALE_H -DHAVE_NET_IF_H -DHAVE_NETDB_H -DHAVE_NETINET_IN_H -DHAVE_NETINET_TCP_H -DHAVE_POLL_H -DHAVE_PWD_H -DHAVE_SETJMP_H -DHAVE_SIGNAL_H -DHAVE_STDATOMIC_H -DHAVE_STDBOOL_H -DHAVE_STDINT_H -DHAVE_STDLIB_H -DHAVE_STRING_H -DHAVE_STRINGS_H -DHAVE_TERMIO_H -DHAVE_TERMIOS_H -DHAVE_TIME_H -DHAVE_UNISTD_H -DHAVE_UTIME_H -DHAVE_STDDEF_H -DHAVE_STDINT_H -DHAVE_SYS_UTSNAME_H -o CMakeFiles/cmTC_d9b46.dir/CurlTests.c.o -c /home/runner/work/Adaptive-AUTOSAR/Adaptive-AUTOSAR/build/_deps/libcurl-src/CMake/CurlTests.c
/home/runner/work/Adaptive-AUTOSAR/Adaptive-AUTOSAR/build/_deps/libcurl-src/CMake/CurlTests.c:475:32: warning: ISO C does not permit named variadic macros [-Wvariadic-macros]
  475 | #define gcc_vmacro3(first, args...) fun3(first, args)
      |                                ^~~
/home/runner/work/Adaptive-AUTOSAR/Adaptive-AUTOSAR/build/_deps/libcurl-src/CMake/CurlTests.c:476:32: warning: ISO C does not permit named variadic macros [-Wvariadic-macros]
  476 | #define gcc_vmacro2(first, args...) fun2(first, args)
      |                                ^~~
/home/runner/work/Adaptive-AUTOSAR/Adaptive-AUTOSAR/build/_deps/libcurl-src/CMake/CurlTests.c:489:1: warning: function declaration isn’t a prototype [-Wstrict-prototypes]
  489 | main() {
      | ^~~~
Linking C executable cmTC_d9b46
/usr/local/bin/cmake -E cmake_link_script CMakeFiles/cmTC_d9b46.dir/link.txt --verbose=1
/usr/bin/cc  -pedantic -Wall -W -Wpointer-arith -Wwrite-strings -Wunused -Wshadow -Winline -Wnested-externs -Wmissing-declarations -Wmissing-prototypes -Wfloat-equal -Wsign-compare -Wundef -Wendif-labels -Wstrict-prototypes -Wdeclaration-after-statement -Wstrict-aliasing=3 -Wcast-align -Wtype-limits -Wold-style-declaration -Wmissing-parameter-type -Wempty-body -Wclobbered -Wignored-qualifiers -Wconversion -Wvla -Wdouble-promotion -Wenum-conversion -Warith-conversion -Wno-long-long -Wno-multichar -Wno-format-nonliteral -Wno-sign-conversion -Wno-system-headers -DHAVE_VARIADIC_MACROS_GCC  -DHAVE_INTTYPES_H -DHAVE_SYS_IOCTL_H -DHAVE_SYS_PARAM_H -DHAVE_SYS_POLL_H -DHAVE_SYS_RESOURCE_H -DHAVE_SYS_SELECT_H -DHAVE_SYS_SOCKET_H -DHAVE_SYS_STAT_H -DHAVE_SYS_TIME_H -DHAVE_SYS_TYPES_H -DHAVE_SYS_UN_H -DHAVE_SYS_XATTR_H -DHAVE_ARPA_INET_H -DHAVE_ARPA_TFTP_H -DHAVE_FCNTL_H -DHAVE_IFADDRS_H -DHAVE_LIBGEN_H -DHAVE_LOCALE_H -DHAVE_NET_IF_H -DHAVE_NETDB_H -DHAVE_NETINET_IN_H -DHAVE_NETINET_TCP_H -DHAVE_POLL_H -DHAVE_PWD_H -DHAVE_SETJMP_H -DHAVE_SIGNAL_H -DHAVE_STDATOMIC_H -DHAVE_STDBOOL_H -DHAVE_STDINT_H -DHAVE_STDLIB_H -DHAVE_STRING_H -DHAVE_STRINGS_H -DHAVE_TERMIO_H -DHAVE_TERMIOS_H -DHAVE_TIME_H -DHAVE_UNISTD_H -DHAVE_UTIME_H -DHAVE_STDDEF_H -DHAVE_STDINT_H -DHAVE_SYS_UTSNAME_H -Wl,--export-dynamic -rdynamic CMakeFiles/cmTC_d9b46.dir/CurlTests.c.o -o cmTC_d9b46  /usr/lib/x86_64-linux-gnu/libssl.so /usr/lib/x86_64-linux-gnu/libcrypto.so 
gmake[1]: Leaving directory '/home/runner/work/Adaptive-AUTOSAR/Adaptive-AUTOSAR/build/CMakeFiles/CMakeTmp'


Performing Curl Test HAVE_ATOMIC passed with the following output:
Change Dir: /home/runner/work/Adaptive-AUTOSAR/Adaptive-AUTOSAR/build/CMakeFiles/CMakeTmp

Run Build Command(s):/usr/local/bin/cmake -E env VERBOSE=1 /usr/bin/gmake -f Makefile cmTC_51d2d/fast && /usr/bin/gmake  -f CMakeFiles/cmTC_51d2d.dir/build.make CMakeFiles/cmTC_51d2d.dir/build
gmake[1]: Entering directory '/home/runner/work/Adaptive-AUTOSAR/Adaptive-AUTOSAR/build/CMakeFiles/CMakeTmp'
Building C object CMakeFiles/cmTC_51d2d.dir/CurlTests.c.o
/usr/bin/cc -DcmTC_51d2d_EXPORTS  -pedantic -Wall -W -Wpointer-arith -Wwrite-strings -Wunused -Wshadow -Winline -Wnested-externs -Wmissing-declarations -Wmissing-prototypes -Wfloat-equal -Wsign-compare -Wundef -Wendif-labels -Wstrict-prototypes -Wdeclaration-after-statement -Wstrict-aliasing=3 -Wcast-align -Wtype-limits -Wold-style-declaration -Wmissing-parameter-type -Wempty-body -Wclobbered -Wignored-qualifiers -Wconversion -Wvla -Wdouble-promotion -Wenum-conversion -Warith-conversion -Wno-long-long -Wno-multichar -Wno-format-nonliteral -Wno-sign-conversion -Wno-system-headers -DHAVE_ATOMIC  -DHAVE_INTTYPES_H -DHAVE_SYS_IOCTL_H -DHAVE_SYS_PARAM_H -DHAVE_SYS_POLL_H -DHAVE_SYS_RESOURCE_H -DHAVE_SYS_SELECT_H -DHAVE_SYS_SOCKET_H -DHAVE_SYS_STAT_H -DHAVE_SYS_TIME_H -DHAVE_SYS_TYPES_H -DHAVE_SYS_UN_H -DHAVE_SYS_XATTR_H -DHAVE_ARPA_INET_H -DHAVE_ARPA_TFTP_H -DHAVE_FCNTL_H -DHAVE_IFADDRS_H -DHAVE_LIBGEN_H -DHAVE_LOCALE_H -DHAVE_NET_IF_H -DHAVE_NETDB_H -DHAVE_NETINET_IN_H -DHAVE_NETINET_TCP_H -DHAVE_POLL_H -DHAVE_PWD_H -DHAVE_SETJMP_H -DHAVE_SIGNAL_H -DHAVE_STDATOMIC_H -DHAVE_STDBOOL_H -DHAVE_STDINT_H -DHAVE_STDLIB_H -DHAVE_STRING_H -DHAVE_STRINGS_H -DHAVE_TERMIO_H -DHAVE_TERMIOS_H -DHAVE_TIME_H -DHAVE_UNISTD_H -DHAVE_UTIME_H -DHAVE_STDDEF_H -DHAVE_STDINT_H -DHAVE_SYS_UTSNAME_H -o CMakeFiles/cmTC_51d2d.dir/CurlTests.c.o -c /home/runner/work/Adaptive-AUTOSAR/Adaptive-AUTOSAR/build/_deps/libcurl-src/CMake/CurlTests.c
/home/runner/work/Adaptive-AUTOSAR/Adaptive-AUTOSAR/build/_deps/libcurl-src/CMake/CurlTests.c:511:1: warning: function declaration isn’t a prototype [-Wstrict-prototypes]
  511 | main() {
      | ^~~~
Linking C executable cmTC_51d2d
/usr/local/bin/cmake -E cmake_link_script CMakeFiles/cmTC_51d2d.dir/link.txt --verbose=1
/usr/bin/cc  -pedantic -Wall -W -Wpointer-arith -Wwrite-strings -Wunused -Wshadow -Winline -Wnested-externs -Wmissing-declarations -Wmissing-prototypes -Wfloat-equal -Wsign-compare -Wundef -Wendif-labels -Wstrict-prototypes -Wdeclaration-after-statement -Wstrict-aliasing=3 -Wcast-align -Wtype-limits -Wold-style-declaration -Wmissing-parameter-type -Wempty-body -Wclobbered -Wignored-qualifiers -Wconversion -Wvla -Wdouble-promotion -Wenum-conversion -Warith-conversion -Wno-long-long -Wno-multichar -Wno-format-nonliteral -Wno-sign-conversion -Wno-system-headers -DHAVE_ATOMIC  -DHAVE_INTTYPES_H -DHAVE_SYS_IOCTL_H -DHAVE_SYS_PARAM_H -DHAVE_SYS_POLL_H -DHAVE_SYS_RESOURCE_H -DHAVE_SYS_SELECT_H -DHAVE_SYS_SOCKET_H -DHAVE_SYS_STAT_H -DHAVE_SYS_TIME_H -DHAVE_SYS_TYPES_H -DHAVE_SYS_UN_H -DHAVE_SYS_XATTR_H -DHAVE_ARPA_INET_H -DHAVE_ARPA_TFTP_H -DHAVE_FCNTL_H -DHAVE_IFADDRS_H -DHAVE_LIBGEN_H -DHAVE_LOCALE_H -DHAVE_NET_IF_H -DHAVE_NETDB_H -DHAVE_NETINET_IN_H -DHAVE_NETINET_TCP_H -DHAVE_POLL_H -DHAVE_PWD_H -DHAVE_SETJMP_H -DHAVE_SIGNAL_H -DHAVE_STDATOMIC_H -DHAVE_STDBOOL_H -DHAVE_STDINT_H -DHAVE_STDLIB_H -DHAVE_STRING_H -DHAVE_STRINGS_H -DHAVE_TERMIO_H -DHAVE_TERMIOS_H -DHAVE_TIME_H -DHAVE_UNISTD_H -DHAVE_UTIME_H -DHAVE_STDDEF_H -DHAVE_STDINT_H -DHAVE_SYS_UTSNAME_H -Wl,--export-dynamic -rdynamic CMakeFiles/cmTC_51d2d.dir/CurlTests.c.o -o cmTC_51d2d  /usr/lib/x86_64-linux-gnu/libssl.so /usr/lib/x86_64-linux-gnu/libcrypto.so 
gmake[1]: Leaving directory '/home/runner/work/Adaptive-AUTOSAR/Adaptive-AUTOSAR/build/CMakeFiles/CMakeTmp'


Performing Curl Test HAVE_POSIX_STRERROR_R passed with the following output:
Change Dir: /home/runner/work/Adaptive-AUTOSAR/Adaptive-AUTOSAR/build/CMakeFiles/CMakeTmp

Run Build Command(s):/usr/local/bin/cmake -E env VERBOSE=1 /usr/bin/gmake -f Makefile cmTC_fd7f9/fast && /usr/bin/gmake  -f CMakeFiles/cmTC_fd7f9.dir/build.make CMakeFiles/cmTC_fd7f9.dir/build
gmake[1]: Entering directory '/home/runner/work/Adaptive-AUTOSAR/Adaptive-AUTOSAR/build/CMakeFiles/CMakeTmp'
Building C object CMakeFiles/cmTC_fd7f9.dir/CurlTests.c.o
/usr/bin/cc -DcmTC_fd7f9_EXPORTS  -pedantic -Wall -W -Wpointer-arith -Wwrite-strings -Wunused -Wshadow -Winline -Wnested-externs -Wmissing-declarations -Wmissing-prototypes -Wfloat-equal -Wsign-compare -Wundef -Wendif-labels -Wstrict-prototypes -Wdeclaration-after-statement -Wstrict-aliasing=3 -Wcast-align -Wtype-limits -Wold-style-declaration -Wmissing-parameter-type -Wempty-body -Wclobbered -Wignored-qualifiers -Wconversion -Wvla -Wdouble-promotion -Wenum-conversion -Warith-conversion -Wno-long-long -Wno-multichar -Wno-format-nonliteral -Wno-sign-conversion -Wno-system-headers -DHAVE_POSIX_STRERROR_R  -DHAVE_INTTYPES_H -DHAVE_SYS_IOCTL_H -DHAVE_SYS_PARAM_H -DHAVE_SYS_POLL_H -DHAVE_SYS_RESOURCE_H -DHAVE_SYS_SELECT_H -DHAVE_SYS_SOCKET_H -DHAVE_SYS_STAT_H -DHAVE_SYS_TIME_H -DHAVE_SYS_TYPES_H -DHAVE_SYS_UN_H -DHAVE_SYS_XATTR_H -DHAVE_ARPA_INET_H -DHAVE_ARPA_TFTP_H -DHAVE_FCNTL_H -DHAVE_IFADDRS_H -DHAVE_LIBGEN_H -DHAVE_LOCALE_H -DHAVE_NET_IF_H -DHAVE_NETDB_H -DHAVE_NETINET_IN_H -DHAVE_NETINET_TCP_H -DHAVE_POLL_H -DHAVE_PWD_H -DHAVE_SETJMP_H -DHAVE_SIGNAL_H -DHAVE_STDATOMIC_H -DHAVE_STDBOOL_H -DHAVE_STDINT_H -DHAVE_STDLIB_H -DHAVE_STRING_H -DHAVE_STRINGS_H -DHAVE_TERMIO_H -DHAVE_TERMIOS_H -DHAVE_TIME_H -DHAVE_UNISTD_H -DHAVE_UTIME_H -DHAVE_STDDEF_H -DHAVE_STDINT_H -DHAVE_SYS_UTSNAME_H -o CMakeFiles/cmTC_fd7f9.dir/CurlTests.c.o -c /home/runner/work/Adaptive-AUTOSAR/Adaptive-AUTOSAR/build/_deps/libcurl-src/CMake/CurlTests.c
/home/runner/work/Adaptive-AUTOSAR/Adaptive-AUTOSAR/build/_deps/libcurl-src/CMake/CurlTests.c:409:6: warning: no previous prototype for ‘check’ [-Wmissing-prototypes]
  409 | void check(float f) {}
      |      ^~~~~
/home/runner/work/Adaptive-AUTOSAR/Adaptive-AUTOSAR/build/_deps/libcurl-src/CMake/CurlTests.c: In function ‘check’:
/home/runner/work/Adaptive-AUTOSAR/Adaptive-AUTOSAR/build/_deps/libcurl-src/CMake/CurlTests.c:409:18: warning: unused parameter ‘f’ [-Wunused-parameter]
  409 | void check(float f) {}
      |            ~~~~~~^
/home/runner/work/Adaptive-AUTOSAR/Adaptive-AUTOSAR/build/_deps/libcurl-src/CMake/CurlTests.c: At top level:
/home/runner/work/Adaptive-AUTOSAR/Adaptive-AUTOSAR/build/_deps/libcurl-src/CMake/CurlTests.c:412:1: warning: function declaration isn’t a prototype [-Wstrict-prototypes]
  412 | main () {
      | ^~~~
/home/runner/work/Adaptive-AUTOSAR/Adaptive-AUTOSAR/build/_deps/libcurl-src/CMake/CurlTests.c: In function ‘main’:
/home/runner/work/Adaptive-AUTOSAR/Adaptive-AUTOSAR/build/_deps/libcurl-src/CMake/CurlTests.c:415:9: warning: conversion from ‘int’ to ‘float’ may change value [-Wconversion]
  415 |   check(strerror_r(EACCES, buffer, sizeof(buffer)));
      |         ^~~~~~~~~~~~~~~~~~~~~~~~~~~~~~~~~~~~~~~~~~
Linking C executable cmTC_fd7f9
/usr/local/bin/cmake -E cmake_link_script CMakeFiles/cmTC_fd7f9.dir/link.txt --verbose=1
/usr/bin/cc  -pedantic -Wall -W -Wpointer-arith -Wwrite-strings -Wunused -Wshadow -Winline -Wnested-externs -Wmissing-declarations -Wmissing-prototypes -Wfloat-equal -Wsign-compare -Wundef -Wendif-labels -Wstrict-prototypes -Wdeclaration-after-statement -Wstrict-aliasing=3 -Wcast-align -Wtype-limits -Wold-style-declaration -Wmissing-parameter-type -Wempty-body -Wclobbered -Wignored-qualifiers -Wconversion -Wvla -Wdouble-promotion -Wenum-conversion -Warith-conversion -Wno-long-long -Wno-multichar -Wno-format-nonliteral -Wno-sign-conversion -Wno-system-headers -DHAVE_POSIX_STRERROR_R  -DHAVE_INTTYPES_H -DHAVE_SYS_IOCTL_H -DHAVE_SYS_PARAM_H -DHAVE_SYS_POLL_H -DHAVE_SYS_RESOURCE_H -DHAVE_SYS_SELECT_H -DHAVE_SYS_SOCKET_H -DHAVE_SYS_STAT_H -DHAVE_SYS_TIME_H -DHAVE_SYS_TYPES_H -DHAVE_SYS_UN_H -DHAVE_SYS_XATTR_H -DHAVE_ARPA_INET_H -DHAVE_ARPA_TFTP_H -DHAVE_FCNTL_H -DHAVE_IFADDRS_H -DHAVE_LIBGEN_H -DHAVE_LOCALE_H -DHAVE_NET_IF_H -DHAVE_NETDB_H -DHAVE_NETINET_IN_H -DHAVE_NETINET_TCP_H -DHAVE_POLL_H -DHAVE_PWD_H -DHAVE_SETJMP_H -DHAVE_SIGNAL_H -DHAVE_STDATOMIC_H -DHAVE_STDBOOL_H -DHAVE_STDINT_H -DHAVE_STDLIB_H -DHAVE_STRING_H -DHAVE_STRINGS_H -DHAVE_TERMIO_H -DHAVE_TERMIOS_H -DHAVE_TIME_H -DHAVE_UNISTD_H -DHAVE_UTIME_H -DHAVE_STDDEF_H -DHAVE_STDINT_H -DHAVE_SYS_UTSNAME_H -Wl,--export-dynamic -rdynamic CMakeFiles/cmTC_fd7f9.dir/CurlTests.c.o -o cmTC_fd7f9  /usr/lib/x86_64-linux-gnu/libssl.so /usr/lib/x86_64-linux-gnu/libcrypto.so 
gmake[1]: Leaving directory '/home/runner/work/Adaptive-AUTOSAR/Adaptive-AUTOSAR/build/CMakeFiles/CMakeTmp'


Performing Curl Test HAVE_CLOCK_GETTIME_MONOTONIC passed with the following output:
Change Dir: /home/runner/work/Adaptive-AUTOSAR/Adaptive-AUTOSAR/build/CMakeFiles/CMakeTmp

Run Build Command(s):/usr/local/bin/cmake -E env VERBOSE=1 /usr/bin/gmake -f Makefile cmTC_624d9/fast && /usr/bin/gmake  -f CMakeFiles/cmTC_624d9.dir/build.make CMakeFiles/cmTC_624d9.dir/build
gmake[1]: Entering directory '/home/runner/work/Adaptive-AUTOSAR/Adaptive-AUTOSAR/build/CMakeFiles/CMakeTmp'
Building C object CMakeFiles/cmTC_624d9.dir/CurlTests.c.o
/usr/bin/cc -DcmTC_624d9_EXPORTS  -pedantic -Wall -W -Wpointer-arith -Wwrite-strings -Wunused -Wshadow -Winline -Wnested-externs -Wmissing-declarations -Wmissing-prototypes -Wfloat-equal -Wsign-compare -Wundef -Wendif-labels -Wstrict-prototypes -Wdeclaration-after-statement -Wstrict-aliasing=3 -Wcast-align -Wtype-limits -Wold-style-declaration -Wmissing-parameter-type -Wempty-body -Wclobbered -Wignored-qualifiers -Wconversion -Wvla -Wdouble-promotion -Wenum-conversion -Warith-conversion -Wno-long-long -Wno-multichar -Wno-format-nonliteral -Wno-sign-conversion -Wno-system-headers -DHAVE_CLOCK_GETTIME_MONOTONIC  -DHAVE_INTTYPES_H -DHAVE_SYS_IOCTL_H -DHAVE_SYS_PARAM_H -DHAVE_SYS_POLL_H -DHAVE_SYS_RESOURCE_H -DHAVE_SYS_SELECT_H -DHAVE_SYS_SOCKET_H -DHAVE_SYS_STAT_H -DHAVE_SYS_TIME_H -DHAVE_SYS_TYPES_H -DHAVE_SYS_UN_H -DHAVE_SYS_XATTR_H -DHAVE_ARPA_INET_H -DHAVE_ARPA_TFTP_H -DHAVE_FCNTL_H -DHAVE_IFADDRS_H -DHAVE_LIBGEN_H -DHAVE_LOCALE_H -DHAVE_NET_IF_H -DHAVE_NETDB_H -DHAVE_NETINET_IN_H -DHAVE_NETINET_TCP_H -DHAVE_POLL_H -DHAVE_PWD_H -DHAVE_SETJMP_H -DHAVE_SIGNAL_H -DHAVE_STDATOMIC_H -DHAVE_STDBOOL_H -DHAVE_STDINT_H -DHAVE_STDLIB_H -DHAVE_STRING_H -DHAVE_STRINGS_H -DHAVE_TERMIO_H -DHAVE_TERMIOS_H -DHAVE_TIME_H -DHAVE_UNISTD_H -DHAVE_UTIME_H -DHAVE_STDDEF_H -DHAVE_STDINT_H -DHAVE_SYS_UTSNAME_H -o CMakeFiles/cmTC_624d9.dir/CurlTests.c.o -c /home/runner/work/Adaptive-AUTOSAR/Adaptive-AUTOSAR/build/_deps/libcurl-src/CMake/CurlTests.c
/home/runner/work/Adaptive-AUTOSAR/Adaptive-AUTOSAR/build/_deps/libcurl-src/CMake/CurlTests.c:438:1: warning: function declaration isn’t a prototype [-Wstrict-prototypes]
  438 | main() {
      | ^~~~
Linking C executable cmTC_624d9
/usr/local/bin/cmake -E cmake_link_script CMakeFiles/cmTC_624d9.dir/link.txt --verbose=1
/usr/bin/cc  -pedantic -Wall -W -Wpointer-arith -Wwrite-strings -Wunused -Wshadow -Winline -Wnested-externs -Wmissing-declarations -Wmissing-prototypes -Wfloat-equal -Wsign-compare -Wundef -Wendif-labels -Wstrict-prototypes -Wdeclaration-after-statement -Wstrict-aliasing=3 -Wcast-align -Wtype-limits -Wold-style-declaration -Wmissing-parameter-type -Wempty-body -Wclobbered -Wignored-qualifiers -Wconversion -Wvla -Wdouble-promotion -Wenum-conversion -Warith-conversion -Wno-long-long -Wno-multichar -Wno-format-nonliteral -Wno-sign-conversion -Wno-system-headers -DHAVE_CLOCK_GETTIME_MONOTONIC  -DHAVE_INTTYPES_H -DHAVE_SYS_IOCTL_H -DHAVE_SYS_PARAM_H -DHAVE_SYS_POLL_H -DHAVE_SYS_RESOURCE_H -DHAVE_SYS_SELECT_H -DHAVE_SYS_SOCKET_H -DHAVE_SYS_STAT_H -DHAVE_SYS_TIME_H -DHAVE_SYS_TYPES_H -DHAVE_SYS_UN_H -DHAVE_SYS_XATTR_H -DHAVE_ARPA_INET_H -DHAVE_ARPA_TFTP_H -DHAVE_FCNTL_H -DHAVE_IFADDRS_H -DHAVE_LIBGEN_H -DHAVE_LOCALE_H -DHAVE_NET_IF_H -DHAVE_NETDB_H -DHAVE_NETINET_IN_H -DHAVE_NETINET_TCP_H -DHAVE_POLL_H -DHAVE_PWD_H -DHAVE_SETJMP_H -DHAVE_SIGNAL_H -DHAVE_STDATOMIC_H -DHAVE_STDBOOL_H -DHAVE_STDINT_H -DHAVE_STDLIB_H -DHAVE_STRING_H -DHAVE_STRINGS_H -DHAVE_TERMIO_H -DHAVE_TERMIOS_H -DHAVE_TIME_H -DHAVE_UNISTD_H -DHAVE_UTIME_H -DHAVE_STDDEF_H -DHAVE_STDINT_H -DHAVE_SYS_UTSNAME_H -Wl,--export-dynamic -rdynamic CMakeFiles/cmTC_624d9.dir/CurlTests.c.o -o cmTC_624d9  /usr/lib/x86_64-linux-gnu/libssl.so /usr/lib/x86_64-linux-gnu/libcrypto.so 
gmake[1]: Leaving directory '/home/runner/work/Adaptive-AUTOSAR/Adaptive-AUTOSAR/build/CMakeFiles/CMakeTmp'


