Performing C SOURCE FILE Test CMAKE_HAVE_LIBC_PTHREAD failed with the following output:
Change Dir: /home/runner/work/Adaptive-AUTOSAR/Adaptive-AUTOSAR/build/CMakeFiles/CMakeTmp

Run Build Command(s):/usr/bin/make -f Makefile cmTC_7918d/fast && /usr/bin/make  -f CMakeFiles/cmTC_7918d.dir/build.make CMakeFiles/cmTC_7918d.dir/build
make[1]: Entering directory '/home/runner/work/Adaptive-AUTOSAR/Adaptive-AUTOSAR/build/CMakeFiles/CMakeTmp'
Building C object CMakeFiles/cmTC_7918d.dir/src.c.o
/usr/bin/cc -DCMAKE_HAVE_LIBC_PTHREAD -DcmTC_7918d_EXPORTS   -o CMakeFiles/cmTC_7918d.dir/src.c.o -c /home/runner/work/Adaptive-AUTOSAR/Adaptive-AUTOSAR/build/CMakeFiles/CMakeTmp/src.c
Linking C executable cmTC_7918d
/usr/local/bin/cmake -E cmake_link_script CMakeFiles/cmTC_7918d.dir/link.txt --verbose=1
/usr/bin/cc -Wl,--export-dynamic -rdynamic CMakeFiles/cmTC_7918d.dir/src.c.o -o cmTC_7918d 
/usr/bin/ld: CMakeFiles/cmTC_7918d.dir/src.c.o: in function `main':
src.c:(.text+0x46): undefined reference to `pthread_create'
/usr/bin/ld: src.c:(.text+0x52): undefined reference to `pthread_detach'
/usr/bin/ld: src.c:(.text+0x5e): undefined reference to `pthread_cancel'
/usr/bin/ld: src.c:(.text+0x6f): undefined reference to `pthread_join'
collect2: error: ld returned 1 exit status
make[1]: *** [CMakeFiles/cmTC_7918d.dir/build.make:99: cmTC_7918d] Error 1
make[1]: Leaving directory '/home/runner/work/Adaptive-AUTOSAR/Adaptive-AUTOSAR/build/CMakeFiles/CMakeTmp'
make: *** [Makefile:127: cmTC_7918d/fast] Error 2


Source file was:
#include <pthread.h>

static void* test_func(void* data)
{
  return data;
}

int main(void)
{
  pthread_t thread;
  pthread_create(&thread, NULL, test_func, NULL);
  pthread_detach(thread);
  pthread_cancel(thread);
  pthread_join(thread, NULL);
  pthread_atfork(NULL, NULL, NULL);
  pthread_exit(NULL);

  return 0;
}

Determining if the function pthread_create exists in the pthreads failed with the following output:
Change Dir: /home/runner/work/Adaptive-AUTOSAR/Adaptive-AUTOSAR/build/CMakeFiles/CMakeTmp

Run Build Command(s):/usr/bin/make -f Makefile cmTC_40e9f/fast && /usr/bin/make  -f CMakeFiles/cmTC_40e9f.dir/build.make CMakeFiles/cmTC_40e9f.dir/build
make[1]: Entering directory '/home/runner/work/Adaptive-AUTOSAR/Adaptive-AUTOSAR/build/CMakeFiles/CMakeTmp'
Building C object CMakeFiles/cmTC_40e9f.dir/CheckFunctionExists.c.o
/usr/bin/cc -DcmTC_40e9f_EXPORTS  -DCHECK_FUNCTION_EXISTS=pthread_create -o CMakeFiles/cmTC_40e9f.dir/CheckFunctionExists.c.o -c /usr/local/share/cmake-3.23/Modules/CheckFunctionExists.c
Linking C executable cmTC_40e9f
/usr/local/bin/cmake -E cmake_link_script CMakeFiles/cmTC_40e9f.dir/link.txt --verbose=1
/usr/bin/cc  -DCHECK_FUNCTION_EXISTS=pthread_create -Wl,--export-dynamic -rdynamic CMakeFiles/cmTC_40e9f.dir/CheckFunctionExists.c.o -o cmTC_40e9f  -lpthreads 
/usr/bin/ld: cannot find -lpthreads
collect2: error: ld returned 1 exit status
make[1]: *** [CMakeFiles/cmTC_40e9f.dir/build.make:99: cmTC_40e9f] Error 1
make[1]: Leaving directory '/home/runner/work/Adaptive-AUTOSAR/Adaptive-AUTOSAR/build/CMakeFiles/CMakeTmp'
make: *** [Makefile:127: cmTC_40e9f/fast] Error 2



